2024-06-17 16:23:52,883 [Worker-9: Loading available Gradle versions] INFO  o.e.b.c.i.u.g.PublishedGradleVersions - Gradle version information cache is up-to-date. Trying to read.
2024-06-17 16:24:23,552 [Worker-1: Loading available Gradle versions] INFO  o.e.b.c.i.u.g.PublishedGradleVersions - Gradle version information cache is up-to-date. Trying to read.
2024-06-17 16:26:01,340 [Worker-5: Loading available Gradle versions] INFO  o.e.b.c.i.u.g.PublishedGradleVersions - Gradle version information cache is up-to-date. Trying to read.
2024-06-18 14:48:59,233 [Worker-8: Loading available Gradle versions] INFO  o.e.b.c.i.u.g.PublishedGradleVersions - Gradle version information cache is up-to-date. Trying to read.
2024-06-18 14:53:03,993 [Worker-4: Import Getting Started Content] INFO  o.e.m.c.i.l.LifecycleMappingFactory - Using org.eclipse.m2e.jdt.JarLifecycleMapping lifecycle mapping for MavenProject: com.smilemall:smilemall:0.0.1-SNAPSHOT @ C:\Users\asy91\OneDrive\πŸ≈¡ »≠∏È\portfolio01_shoppingMall\03_SpringWorkspace\smilemall\pom.xml.
2024-06-18 14:53:05,250 [Worker-4: Import Getting Started Content] INFO  o.e.m.j.i.AbstractJavaProjectConfigurator - Adding source folder /smilemall/src/main/java
2024-06-18 14:53:05,252 [Worker-4: Import Getting Started Content] INFO  o.e.m.j.i.AbstractJavaProjectConfigurator - Adding resource folder /smilemall/src/main/resources
2024-06-18 14:53:05,255 [Worker-4: Import Getting Started Content] INFO  o.e.m.j.i.AbstractJavaProjectConfigurator - Adding resource folder /smilemall/src/main/resources
2024-06-18 14:53:05,257 [Worker-4: Import Getting Started Content] INFO  o.e.m.j.i.AbstractJavaProjectConfigurator - Adding source folder /smilemall/src/test/java
2024-06-18 14:53:05,258 [Worker-4: Import Getting Started Content] INFO  o.e.m.j.i.AbstractJavaProjectConfigurator - Adding resource folder /smilemall/src/test/resources
2024-06-18 14:53:06,070 [Worker-4: Import Getting Started Content] INFO  o.e.m.c.i.p.ProjectConfigurationManager - Imported and configured 1 project(s) in 3 sec
2024-06-18 14:53:06,078 [Worker-4: Import Getting Started Content] INFO  o.e.m.c.i.p.ProjectConfigurationManager - Update started
2024-06-18 14:53:06,571 [Worker-4: Import Getting Started Content] INFO  o.e.m.c.i.l.LifecycleMappingFactory - Using org.eclipse.m2e.jdt.JarLifecycleMapping lifecycle mapping for MavenProject: com.smilemall:smilemall:0.0.1-SNAPSHOT @ C:\Users\asy91\OneDrive\πŸ≈¡ »≠∏È\portfolio01_shoppingMall\03_SpringWorkspace\smilemall\pom.xml.
2024-06-18 14:53:07,486 [Worker-4: Import Getting Started Content] INFO  o.e.m.j.i.AbstractJavaProjectConfigurator - Adding source folder /smilemall/src/main/java
2024-06-18 14:53:07,488 [Worker-4: Import Getting Started Content] INFO  o.e.m.j.i.AbstractJavaProjectConfigurator - Adding resource folder /smilemall/src/main/resources
2024-06-18 14:53:07,490 [Worker-4: Import Getting Started Content] INFO  o.e.m.j.i.AbstractJavaProjectConfigurator - Adding resource folder /smilemall/src/main/resources
2024-06-18 14:53:07,491 [Worker-4: Import Getting Started Content] INFO  o.e.m.j.i.AbstractJavaProjectConfigurator - Adding source folder /smilemall/src/test/java
2024-06-18 14:53:07,493 [Worker-4: Import Getting Started Content] INFO  o.e.m.j.i.AbstractJavaProjectConfigurator - Adding resource folder /smilemall/src/test/resources
2024-06-18 14:53:09,105 [Worker-4: Import Getting Started Content] INFO  o.e.m.c.i.p.ProjectConfigurationManager - Update completed for 1 poms: local refresh takes 0.00 sec, refresh facades takes 1.00 sec, update config takes 0.00 sec 
2024-06-18 14:53:11,433 [Worker-4: Building] INFO  o.a.m.s.f.DefaultMavenResourcesFiltering - Copying 1 resource from src\main\resources to target\classes
2024-06-18 14:53:11,447 [Worker-4: Building] INFO  o.a.m.s.f.DefaultMavenResourcesFiltering - Copying 0 resource from src\main\resources to target\classes
2024-06-18 14:53:11,453 [Worker-4: Building] INFO  o.a.m.s.f.DefaultMavenResourcesFiltering - skip non existing resourceDirectory C:\Users\asy91\OneDrive\πŸ≈¡ »≠∏È\portfolio01_shoppingMall\03_SpringWorkspace\smilemall\src\test\resources
2024-06-18 14:54:26,630 [Worker-15: Building] INFO  o.a.m.s.f.DefaultMavenResourcesFiltering - Copying 0 resource from src\main\resources to target\classes
2024-06-18 14:54:26,633 [Worker-15: Building] INFO  o.a.m.s.f.DefaultMavenResourcesFiltering - Copying 2 resources from src\main\resources to target\classes
2024-06-18 14:54:26,639 [Worker-15: Building] INFO  o.a.m.s.f.DefaultMavenResourcesFiltering - skip non existing resourceDirectory C:\Users\asy91\OneDrive\πŸ≈¡ »≠∏È\portfolio01_shoppingMall\03_SpringWorkspace\smilemall\src\test\resources
2024-06-18 14:57:42,086 [Worker-16: Building] INFO  o.a.m.s.f.DefaultMavenResourcesFiltering - Copying 1 resource from src\main\resources to target\classes
2024-06-18 14:57:42,096 [Worker-16: Building] INFO  o.a.m.s.f.DefaultMavenResourcesFiltering - Copying 2 resources from src\main\resources to target\classes
2024-06-18 14:57:42,103 [Worker-16: Building] INFO  o.a.m.s.f.DefaultMavenResourcesFiltering - skip non existing resourceDirectory C:\Users\asy91\OneDrive\πŸ≈¡ »≠∏È\portfolio01_shoppingMall\03_SpringWorkspace\smilemall\src\test\resources
2024-06-18 14:58:16,360 [Worker-16: Building] INFO  o.a.m.s.f.DefaultMavenResourcesFiltering - Copying 1 resource from src\main\resources to target\classes
2024-06-18 14:58:16,368 [Worker-16: Building] INFO  o.a.m.s.f.DefaultMavenResourcesFiltering - Copying 2 resources from src\main\resources to target\classes
2024-06-18 14:58:16,372 [Worker-16: Building] INFO  o.a.m.s.f.DefaultMavenResourcesFiltering - skip non existing resourceDirectory C:\Users\asy91\OneDrive\πŸ≈¡ »≠∏È\portfolio01_shoppingMall\03_SpringWorkspace\smilemall\src\test\resources
2024-06-18 14:58:29,685 [Worker-9: Building] INFO  o.a.m.s.f.DefaultMavenResourcesFiltering - Copying 1 resource from src\main\resources to target\classes
2024-06-18 14:58:29,694 [Worker-9: Building] INFO  o.a.m.s.f.DefaultMavenResourcesFiltering - Copying 2 resources from src\main\resources to target\classes
2024-06-18 14:58:29,700 [Worker-9: Building] INFO  o.a.m.s.f.DefaultMavenResourcesFiltering - skip non existing resourceDirectory C:\Users\asy91\OneDrive\πŸ≈¡ »≠∏È\portfolio01_shoppingMall\03_SpringWorkspace\smilemall\src\test\resources
2024-06-18 14:58:41,228 [Worker-13: Building] INFO  o.a.m.s.f.DefaultMavenResourcesFiltering - Copying 1 resource from src\main\resources to target\classes
2024-06-18 14:58:41,236 [Worker-13: Building] INFO  o.a.m.s.f.DefaultMavenResourcesFiltering - Copying 2 resources from src\main\resources to target\classes
2024-06-18 14:58:41,239 [Worker-13: Building] INFO  o.a.m.s.f.DefaultMavenResourcesFiltering - skip non existing resourceDirectory C:\Users\asy91\OneDrive\πŸ≈¡ »≠∏È\portfolio01_shoppingMall\03_SpringWorkspace\smilemall\src\test\resources
2024-06-18 14:59:12,567 [Worker-9: Building] INFO  o.a.m.s.f.DefaultMavenResourcesFiltering - Copying 0 resource from src\main\resources to target\classes
2024-06-18 14:59:12,569 [Worker-9: Building] INFO  o.a.m.s.f.DefaultMavenResourcesFiltering - Copying 1 resource from src\main\resources to target\classes
2024-06-18 14:59:12,572 [Worker-9: Building] INFO  o.a.m.s.f.DefaultMavenResourcesFiltering - skip non existing resourceDirectory C:\Users\asy91\OneDrive\πŸ≈¡ »≠∏È\portfolio01_shoppingMall\03_SpringWorkspace\smilemall\src\test\resources
2024-06-18 14:59:15,364 [Worker-8: Building] INFO  o.a.m.s.f.DefaultMavenResourcesFiltering - Copying 0 resource from src\main\resources to target\classes
2024-06-18 14:59:15,365 [Worker-8: Building] INFO  o.a.m.s.f.DefaultMavenResourcesFiltering - Copying 1 resource from src\main\resources to target\classes
2024-06-18 14:59:15,370 [Worker-8: Building] INFO  o.a.m.s.f.DefaultMavenResourcesFiltering - skip non existing resourceDirectory C:\Users\asy91\OneDrive\πŸ≈¡ »≠∏È\portfolio01_shoppingMall\03_SpringWorkspace\smilemall\src\test\resources
2024-06-18 14:59:30,962 [Worker-8: Building] INFO  o.a.m.s.f.DefaultMavenResourcesFiltering - Copying 0 resource from src\main\resources to target\classes
2024-06-18 14:59:30,963 [Worker-8: Building] INFO  o.a.m.s.f.DefaultMavenResourcesFiltering - Copying 1 resource from src\main\resources to target\classes
2024-06-18 14:59:30,966 [Worker-8: Building] INFO  o.a.m.s.f.DefaultMavenResourcesFiltering - skip non existing resourceDirectory C:\Users\asy91\OneDrive\πŸ≈¡ »≠∏È\portfolio01_shoppingMall\03_SpringWorkspace\smilemall\src\test\resources
2024-06-18 15:02:08,942 [Worker-13: Building] INFO  o.a.m.s.f.DefaultMavenResourcesFiltering - Copying 1 resource from src\main\resources to target\classes
2024-06-18 15:02:08,955 [Worker-13: Building] INFO  o.a.m.s.f.DefaultMavenResourcesFiltering - Copying 3 resources from src\main\resources to target\classes
2024-06-18 15:02:08,959 [Worker-13: Building] INFO  o.a.m.s.f.DefaultMavenResourcesFiltering - skip non existing resourceDirectory C:\Users\asy91\OneDrive\πŸ≈¡ »≠∏È\portfolio01_shoppingMall\03_SpringWorkspace\smilemall\src\test\resources
2024-06-18 15:04:50,998 [Worker-4: Building] INFO  o.a.m.s.f.DefaultMavenResourcesFiltering - Copying 1 resource from src\main\resources to target\classes
2024-06-18 15:04:51,019 [Worker-4: Building] INFO  o.a.m.s.f.DefaultMavenResourcesFiltering - Copying 0 resource from src\main\resources to target\classes
2024-06-18 15:04:51,025 [Worker-4: Building] INFO  o.a.m.s.f.DefaultMavenResourcesFiltering - skip non existing resourceDirectory C:\Users\asy91\OneDrive\πŸ≈¡ »≠∏È\portfolio01_shoppingMall\03_SpringWorkspace\smilemall\src\test\resources
2024-06-18 15:06:55,985 [Worker-18: Building] INFO  o.a.m.s.f.DefaultMavenResourcesFiltering - Copying 0 resource from src\main\resources to target\classes
2024-06-18 15:06:55,988 [Worker-18: Building] INFO  o.a.m.s.f.DefaultMavenResourcesFiltering - Copying 0 resource from src\main\resources to target\classes
2024-06-18 15:06:55,991 [Worker-18: Building] INFO  o.a.m.s.f.DefaultMavenResourcesFiltering - skip non existing resourceDirectory C:\Users\asy91\OneDrive\πŸ≈¡ »≠∏È\portfolio01_shoppingMall\03_SpringWorkspace\smilemall\src\test\resources
2024-06-18 15:07:14,313 [Worker-18: Building] INFO  o.a.m.s.f.DefaultMavenResourcesFiltering - Copying 1 resource from src\main\resources to target\classes
2024-06-18 15:07:14,320 [Worker-18: Building] INFO  o.a.m.s.f.DefaultMavenResourcesFiltering - Copying 3 resources from src\main\resources to target\classes
2024-06-18 15:07:14,323 [Worker-18: Building] INFO  o.a.m.s.f.DefaultMavenResourcesFiltering - skip non existing resourceDirectory C:\Users\asy91\OneDrive\πŸ≈¡ »≠∏È\portfolio01_shoppingMall\03_SpringWorkspace\smilemall\src\test\resources
2024-06-18 15:07:30,238 [Worker-18: Building] INFO  o.a.m.s.f.DefaultMavenResourcesFiltering - Copying 1 resource from src\main\resources to target\classes
2024-06-18 15:07:30,276 [Worker-18: Building] INFO  o.a.m.s.f.DefaultMavenResourcesFiltering - Copying 3 resources from src\main\resources to target\classes
2024-06-18 15:07:30,280 [Worker-18: Building] INFO  o.a.m.s.f.DefaultMavenResourcesFiltering - skip non existing resourceDirectory C:\Users\asy91\OneDrive\πŸ≈¡ »≠∏È\portfolio01_shoppingMall\03_SpringWorkspace\smilemall\src\test\resources
2024-06-18 15:09:56,272 [Worker-20: Rebuilding] INFO  o.a.m.s.f.DefaultMavenResourcesFiltering - Copying 1 resource from src\main\resources to target\classes
2024-06-18 15:09:56,274 [Worker-20: Rebuilding] INFO  o.a.m.s.f.DefaultMavenResourcesFiltering - Copying 3 resources from src\main\resources to target\classes
2024-06-18 15:09:56,280 [Worker-20: Rebuilding] INFO  o.a.m.s.f.DefaultMavenResourcesFiltering - skip non existing resourceDirectory C:\Users\asy91\OneDrive\πŸ≈¡ »≠∏È\portfolio01_shoppingMall\03_SpringWorkspace\smilemall\src\test\resources
2024-06-18 15:13:26,176 [Worker-6: Loading available Gradle versions] INFO  o.e.b.c.i.u.g.PublishedGradleVersions - Gradle version information cache is up-to-date. Trying to read.
2024-06-18 15:22:51,547 [Worker-2: Loading available Gradle versions] INFO  o.e.b.c.i.u.g.PublishedGradleVersions - Gradle version information cache is up-to-date. Trying to read.
2024-06-18 15:26:55,920 [Worker-1: Import Getting Started Content] INFO  o.e.m.c.i.l.LifecycleMappingFactory - Using org.eclipse.m2e.jdt.JarLifecycleMapping lifecycle mapping for MavenProject: com.smilemall:smilemall:1.0.0 @ C:\Users\asy91\OneDrive\πŸ≈¡ »≠∏È\portfolio01_shoppingMall\03_SpringWorkspace\smilemall\pom.xml.
2024-06-18 15:26:57,226 [Worker-1: Import Getting Started Content] INFO  o.e.m.j.i.AbstractJavaProjectConfigurator - Adding source folder /smilemall/src/main/java
2024-06-18 15:26:57,228 [Worker-1: Import Getting Started Content] INFO  o.e.m.j.i.AbstractJavaProjectConfigurator - Adding resource folder /smilemall/src/main/resources
2024-06-18 15:26:57,231 [Worker-1: Import Getting Started Content] INFO  o.e.m.j.i.AbstractJavaProjectConfigurator - Adding resource folder /smilemall/src/main/resources
2024-06-18 15:26:57,234 [Worker-1: Import Getting Started Content] INFO  o.e.m.j.i.AbstractJavaProjectConfigurator - Adding source folder /smilemall/src/test/java
2024-06-18 15:26:57,235 [Worker-1: Import Getting Started Content] INFO  o.e.m.j.i.AbstractJavaProjectConfigurator - Adding resource folder /smilemall/src/test/resources
2024-06-18 15:26:58,181 [Worker-1: Import Getting Started Content] INFO  o.e.m.c.i.p.ProjectConfigurationManager - Imported and configured 1 project(s) in 3 sec
2024-06-18 15:26:58,189 [Worker-1: Import Getting Started Content] INFO  o.e.m.c.i.p.ProjectConfigurationManager - Update started
2024-06-18 15:26:58,572 [Worker-1: Import Getting Started Content] INFO  o.e.m.c.i.l.LifecycleMappingFactory - Using org.eclipse.m2e.jdt.JarLifecycleMapping lifecycle mapping for MavenProject: com.smilemall:smilemall:1.0.0 @ C:\Users\asy91\OneDrive\πŸ≈¡ »≠∏È\portfolio01_shoppingMall\03_SpringWorkspace\smilemall\pom.xml.
2024-06-18 15:26:59,464 [Worker-1: Import Getting Started Content] INFO  o.e.m.j.i.AbstractJavaProjectConfigurator - Adding source folder /smilemall/src/main/java
2024-06-18 15:26:59,464 [Worker-1: Import Getting Started Content] INFO  o.e.m.j.i.AbstractJavaProjectConfigurator - Adding resource folder /smilemall/src/main/resources
2024-06-18 15:26:59,466 [Worker-1: Import Getting Started Content] INFO  o.e.m.j.i.AbstractJavaProjectConfigurator - Adding resource folder /smilemall/src/main/resources
2024-06-18 15:26:59,467 [Worker-1: Import Getting Started Content] INFO  o.e.m.j.i.AbstractJavaProjectConfigurator - Adding source folder /smilemall/src/test/java
2024-06-18 15:26:59,469 [Worker-1: Import Getting Started Content] INFO  o.e.m.j.i.AbstractJavaProjectConfigurator - Adding resource folder /smilemall/src/test/resources
2024-06-18 15:27:00,972 [Worker-1: Import Getting Started Content] INFO  o.e.m.c.i.p.ProjectConfigurationManager - Update completed for 1 poms: local refresh takes 0.00 sec, refresh facades takes 1.00 sec, update config takes 0.00 sec 
2024-06-18 15:27:04,008 [Worker-16: Building] INFO  o.a.m.s.f.DefaultMavenResourcesFiltering - Copying 1 resource from src\main\resources to target\classes
2024-06-18 15:27:04,041 [Worker-16: Building] INFO  o.a.m.s.f.DefaultMavenResourcesFiltering - Copying 0 resource from src\main\resources to target\classes
2024-06-18 15:27:04,045 [Worker-16: Building] INFO  o.a.m.s.f.DefaultMavenResourcesFiltering - skip non existing resourceDirectory C:\Users\asy91\OneDrive\πŸ≈¡ »≠∏È\portfolio01_shoppingMall\03_SpringWorkspace\smilemall\src\test\resources
2024-06-18 15:27:59,212 [Worker-15: Building] INFO  o.e.m.c.i.l.LifecycleMappingFactory - Using org.eclipse.m2e.jdt.JarLifecycleMapping lifecycle mapping for MavenProject: com.smilemall:smilemall:1.0.0 @ C:\Users\asy91\OneDrive\πŸ≈¡ »≠∏È\portfolio01_shoppingMall\03_SpringWorkspace\smilemall\pom.xml.
2024-06-18 15:27:59,773 [Worker-15: Building] INFO  o.a.m.s.f.DefaultMavenResourcesFiltering - Copying 0 resource from src\main\resources to target\classes
2024-06-18 15:27:59,774 [Worker-15: Building] INFO  o.a.m.s.f.DefaultMavenResourcesFiltering - Copying 0 resource from src\main\resources to target\classes
2024-06-18 15:27:59,778 [Worker-15: Building] INFO  o.a.m.s.f.DefaultMavenResourcesFiltering - skip non existing resourceDirectory C:\Users\asy91\OneDrive\πŸ≈¡ »≠∏È\portfolio01_shoppingMall\03_SpringWorkspace\smilemall\src\test\resources
2024-06-18 15:28:01,026 [Worker-16: Building] INFO  o.a.m.s.f.DefaultMavenResourcesFiltering - Copying 1 resource from src\main\resources to target\classes
2024-06-18 15:28:01,040 [Worker-16: Building] INFO  o.a.m.s.f.DefaultMavenResourcesFiltering - Copying 0 resource from src\main\resources to target\classes
2024-06-18 15:28:01,044 [Worker-16: Building] INFO  o.a.m.s.f.DefaultMavenResourcesFiltering - skip non existing resourceDirectory C:\Users\asy91\OneDrive\πŸ≈¡ »≠∏È\portfolio01_shoppingMall\03_SpringWorkspace\smilemall\src\test\resources
2024-06-18 15:30:42,964 [Worker-11: Building] INFO  o.a.m.s.f.DefaultMavenResourcesFiltering - Copying 0 resource from src\main\resources to target\classes
2024-06-18 15:30:42,966 [Worker-11: Building] INFO  o.a.m.s.f.DefaultMavenResourcesFiltering - Copying 2 resources from src\main\resources to target\classes
2024-06-18 15:30:42,973 [Worker-11: Building] INFO  o.a.m.s.f.DefaultMavenResourcesFiltering - skip non existing resourceDirectory C:\Users\asy91\OneDrive\πŸ≈¡ »≠∏È\portfolio01_shoppingMall\03_SpringWorkspace\smilemall\src\test\resources
2024-06-18 15:36:14,352 [Worker-24: Building] INFO  o.a.m.s.f.DefaultMavenResourcesFiltering - Copying 1 resource from src\main\resources to target\classes
2024-06-18 15:36:14,359 [Worker-24: Building] INFO  o.a.m.s.f.DefaultMavenResourcesFiltering - Copying 2 resources from src\main\resources to target\classes
2024-06-18 15:36:14,363 [Worker-24: Building] INFO  o.a.m.s.f.DefaultMavenResourcesFiltering - skip non existing resourceDirectory C:\Users\asy91\OneDrive\πŸ≈¡ »≠∏È\portfolio01_shoppingMall\03_SpringWorkspace\smilemall\src\test\resources
2024-06-18 15:36:26,387 [Worker-22: Building] INFO  o.a.m.s.f.DefaultMavenResourcesFiltering - Copying 1 resource from src\main\resources to target\classes
2024-06-18 15:36:26,396 [Worker-22: Building] INFO  o.a.m.s.f.DefaultMavenResourcesFiltering - Copying 2 resources from src\main\resources to target\classes
2024-06-18 15:36:26,401 [Worker-22: Building] INFO  o.a.m.s.f.DefaultMavenResourcesFiltering - skip non existing resourceDirectory C:\Users\asy91\OneDrive\πŸ≈¡ »≠∏È\portfolio01_shoppingMall\03_SpringWorkspace\smilemall\src\test\resources
2024-06-18 15:36:34,390 [Worker-24: Building] INFO  o.a.m.s.f.DefaultMavenResourcesFiltering - Copying 1 resource from src\main\resources to target\classes
2024-06-18 15:36:34,398 [Worker-24: Building] INFO  o.a.m.s.f.DefaultMavenResourcesFiltering - Copying 2 resources from src\main\resources to target\classes
2024-06-18 15:36:34,404 [Worker-24: Building] INFO  o.a.m.s.f.DefaultMavenResourcesFiltering - skip non existing resourceDirectory C:\Users\asy91\OneDrive\πŸ≈¡ »≠∏È\portfolio01_shoppingMall\03_SpringWorkspace\smilemall\src\test\resources
2024-06-18 15:36:46,630 [Worker-26: Building] INFO  o.a.m.s.f.DefaultMavenResourcesFiltering - Copying 1 resource from src\main\resources to target\classes
2024-06-18 15:36:46,643 [Worker-26: Building] INFO  o.a.m.s.f.DefaultMavenResourcesFiltering - Copying 2 resources from src\main\resources to target\classes
2024-06-18 15:36:46,656 [Worker-26: Building] INFO  o.a.m.s.f.DefaultMavenResourcesFiltering - skip non existing resourceDirectory C:\Users\asy91\OneDrive\πŸ≈¡ »≠∏È\portfolio01_shoppingMall\03_SpringWorkspace\smilemall\src\test\resources
2024-06-18 15:37:25,198 [Worker-19: Building] INFO  o.a.m.s.f.DefaultMavenResourcesFiltering - Copying 0 resource from src\main\resources to target\classes
2024-06-18 15:37:25,201 [Worker-19: Building] INFO  o.a.m.s.f.DefaultMavenResourcesFiltering - Copying 1 resource from src\main\resources to target\classes
2024-06-18 15:37:25,213 [Worker-19: Building] INFO  o.a.m.s.f.DefaultMavenResourcesFiltering - skip non existing resourceDirectory C:\Users\asy91\OneDrive\πŸ≈¡ »≠∏È\portfolio01_shoppingMall\03_SpringWorkspace\smilemall\src\test\resources
2024-06-18 15:37:27,324 [Worker-25: Building] INFO  o.a.m.s.f.DefaultMavenResourcesFiltering - Copying 0 resource from src\main\resources to target\classes
2024-06-18 15:37:27,326 [Worker-25: Building] INFO  o.a.m.s.f.DefaultMavenResourcesFiltering - Copying 1 resource from src\main\resources to target\classes
2024-06-18 15:37:27,331 [Worker-25: Building] INFO  o.a.m.s.f.DefaultMavenResourcesFiltering - skip non existing resourceDirectory C:\Users\asy91\OneDrive\πŸ≈¡ »≠∏È\portfolio01_shoppingMall\03_SpringWorkspace\smilemall\src\test\resources
2024-06-18 15:37:43,585 [Worker-19: Building] INFO  o.a.m.s.f.DefaultMavenResourcesFiltering - Copying 0 resource from src\main\resources to target\classes
2024-06-18 15:37:43,590 [Worker-19: Building] INFO  o.a.m.s.f.DefaultMavenResourcesFiltering - Copying 1 resource from src\main\resources to target\classes
2024-06-18 15:37:43,593 [Worker-19: Building] INFO  o.a.m.s.f.DefaultMavenResourcesFiltering - skip non existing resourceDirectory C:\Users\asy91\OneDrive\πŸ≈¡ »≠∏È\portfolio01_shoppingMall\03_SpringWorkspace\smilemall\src\test\resources
2024-06-18 15:38:31,721 [Worker-27: Building] INFO  o.a.m.s.f.DefaultMavenResourcesFiltering - Copying 1 resource from src\main\resources to target\classes
2024-06-18 15:38:31,733 [Worker-27: Building] INFO  o.a.m.s.f.DefaultMavenResourcesFiltering - Copying 3 resources from src\main\resources to target\classes
2024-06-18 15:38:31,741 [Worker-27: Building] INFO  o.a.m.s.f.DefaultMavenResourcesFiltering - skip non existing resourceDirectory C:\Users\asy91\OneDrive\πŸ≈¡ »≠∏È\portfolio01_shoppingMall\03_SpringWorkspace\smilemall\src\test\resources
2024-06-18 15:43:40,633 [Worker-28: Building] INFO  o.a.m.s.f.DefaultMavenResourcesFiltering - Copying 1 resource from src\main\resources to target\classes
2024-06-18 15:43:40,652 [Worker-28: Building] INFO  o.a.m.s.f.DefaultMavenResourcesFiltering - Copying 0 resource from src\main\resources to target\classes
2024-06-18 15:43:40,655 [Worker-28: Building] INFO  o.a.m.s.f.DefaultMavenResourcesFiltering - skip non existing resourceDirectory C:\Users\asy91\OneDrive\πŸ≈¡ »≠∏È\portfolio01_shoppingMall\03_SpringWorkspace\smilemall\src\test\resources
2024-06-18 15:50:51,497 [Worker-35: Building] INFO  o.a.m.s.f.DefaultMavenResourcesFiltering - Copying 1 resource from src\main\resources to target\classes
2024-06-18 15:50:51,503 [Worker-35: Building] INFO  o.a.m.s.f.DefaultMavenResourcesFiltering - Copying 3 resources from src\main\resources to target\classes
2024-06-18 15:50:51,506 [Worker-35: Building] INFO  o.a.m.s.f.DefaultMavenResourcesFiltering - skip non existing resourceDirectory C:\Users\asy91\OneDrive\πŸ≈¡ »≠∏È\portfolio01_shoppingMall\03_SpringWorkspace\smilemall\src\test\resources
2024-06-18 15:51:20,178 [Worker-35: Building] INFO  o.a.m.s.f.DefaultMavenResourcesFiltering - Copying 1 resource from src\main\resources to target\classes
2024-06-18 15:51:20,183 [Worker-35: Building] INFO  o.a.m.s.f.DefaultMavenResourcesFiltering - Copying 3 resources from src\main\resources to target\classes
2024-06-18 15:51:20,186 [Worker-35: Building] INFO  o.a.m.s.f.DefaultMavenResourcesFiltering - skip non existing resourceDirectory C:\Users\asy91\OneDrive\πŸ≈¡ »≠∏È\portfolio01_shoppingMall\03_SpringWorkspace\smilemall\src\test\resources
2024-06-18 15:53:56,124 [Worker-36: Building] INFO  o.a.m.s.f.DefaultMavenResourcesFiltering - Copying 1 resource from src\main\resources to target\classes
2024-06-18 15:53:56,129 [Worker-36: Building] INFO  o.a.m.s.f.DefaultMavenResourcesFiltering - Copying 3 resources from src\main\resources to target\classes
2024-06-18 15:53:56,132 [Worker-36: Building] INFO  o.a.m.s.f.DefaultMavenResourcesFiltering - skip non existing resourceDirectory C:\Users\asy91\OneDrive\πŸ≈¡ »≠∏È\portfolio01_shoppingMall\03_SpringWorkspace\smilemall\src\test\resources
2024-06-18 15:55:52,689 [Worker-35: Building] INFO  o.a.m.s.f.DefaultMavenResourcesFiltering - Copying 1 resource from src\main\resources to target\classes
2024-06-18 15:55:52,693 [Worker-35: Building] INFO  o.a.m.s.f.DefaultMavenResourcesFiltering - Copying 3 resources from src\main\resources to target\classes
2024-06-18 15:55:52,697 [Worker-35: Building] INFO  o.a.m.s.f.DefaultMavenResourcesFiltering - skip non existing resourceDirectory C:\Users\asy91\OneDrive\πŸ≈¡ »≠∏È\portfolio01_shoppingMall\03_SpringWorkspace\smilemall\src\test\resources
2024-06-18 15:57:55,045 [Worker-39: Building] INFO  o.a.m.s.f.DefaultMavenResourcesFiltering - Copying 1 resource from src\main\resources to target\classes
2024-06-18 15:57:55,050 [Worker-39: Building] INFO  o.a.m.s.f.DefaultMavenResourcesFiltering - Copying 3 resources from src\main\resources to target\classes
2024-06-18 15:57:55,053 [Worker-39: Building] INFO  o.a.m.s.f.DefaultMavenResourcesFiltering - skip non existing resourceDirectory C:\Users\asy91\OneDrive\πŸ≈¡ »≠∏È\portfolio01_shoppingMall\03_SpringWorkspace\smilemall\src\test\resources
2024-06-18 15:58:12,084 [Worker-39: Building] INFO  o.a.m.s.f.DefaultMavenResourcesFiltering - Copying 1 resource from src\main\resources to target\classes
2024-06-18 15:58:12,089 [Worker-39: Building] INFO  o.a.m.s.f.DefaultMavenResourcesFiltering - Copying 3 resources from src\main\resources to target\classes
2024-06-18 15:58:12,092 [Worker-39: Building] INFO  o.a.m.s.f.DefaultMavenResourcesFiltering - skip non existing resourceDirectory C:\Users\asy91\OneDrive\πŸ≈¡ »≠∏È\portfolio01_shoppingMall\03_SpringWorkspace\smilemall\src\test\resources
2024-06-18 15:59:04,771 [Worker-38: Building] INFO  o.a.m.s.f.DefaultMavenResourcesFiltering - Copying 1 resource from src\main\resources to target\classes
2024-06-18 15:59:04,776 [Worker-38: Building] INFO  o.a.m.s.f.DefaultMavenResourcesFiltering - Copying 3 resources from src\main\resources to target\classes
2024-06-18 15:59:04,780 [Worker-38: Building] INFO  o.a.m.s.f.DefaultMavenResourcesFiltering - skip non existing resourceDirectory C:\Users\asy91\OneDrive\πŸ≈¡ »≠∏È\portfolio01_shoppingMall\03_SpringWorkspace\smilemall\src\test\resources
2024-06-18 16:00:23,655 [Worker-41: Building] INFO  o.e.m.c.i.l.LifecycleMappingFactory - Using org.eclipse.m2e.jdt.JarLifecycleMapping lifecycle mapping for MavenProject: com.smilemall:smilemall:1.0.0 @ C:\Users\asy91\OneDrive\πŸ≈¡ »≠∏È\portfolio01_shoppingMall\03_SpringWorkspace\smilemall\pom.xml.
2024-06-18 16:00:24,220 [Worker-41: Building] INFO  o.a.m.s.f.DefaultMavenResourcesFiltering - Copying 0 resource from src\main\resources to target\classes
2024-06-18 16:00:24,222 [Worker-41: Building] INFO  o.a.m.s.f.DefaultMavenResourcesFiltering - Copying 0 resource from src\main\resources to target\classes
2024-06-18 16:00:24,226 [Worker-41: Building] INFO  o.a.m.s.f.DefaultMavenResourcesFiltering - skip non existing resourceDirectory C:\Users\asy91\OneDrive\πŸ≈¡ »≠∏È\portfolio01_shoppingMall\03_SpringWorkspace\smilemall\src\test\resources
2024-06-18 16:00:25,425 [Worker-35: Building] INFO  o.a.m.s.f.DefaultMavenResourcesFiltering - Copying 1 resource from src\main\resources to target\classes
2024-06-18 16:00:25,436 [Worker-35: Building] INFO  o.a.m.s.f.DefaultMavenResourcesFiltering - Copying 3 resources from src\main\resources to target\classes
2024-06-18 16:00:25,444 [Worker-35: Building] INFO  o.a.m.s.f.DefaultMavenResourcesFiltering - skip non existing resourceDirectory C:\Users\asy91\OneDrive\πŸ≈¡ »≠∏È\portfolio01_shoppingMall\03_SpringWorkspace\smilemall\src\test\resources
2024-06-18 16:00:44,118 [Worker-42: Building] INFO  o.a.m.s.f.DefaultMavenResourcesFiltering - Copying 1 resource from src\main\resources to target\classes
2024-06-18 16:00:44,132 [Worker-42: Building] INFO  o.a.m.s.f.DefaultMavenResourcesFiltering - Copying 0 resource from src\main\resources to target\classes
2024-06-18 16:00:44,136 [Worker-42: Building] INFO  o.a.m.s.f.DefaultMavenResourcesFiltering - skip non existing resourceDirectory C:\Users\asy91\OneDrive\πŸ≈¡ »≠∏È\portfolio01_shoppingMall\03_SpringWorkspace\smilemall\src\test\resources
2024-06-18 16:03:41,302 [Worker-45: Building] INFO  o.a.m.s.f.DefaultMavenResourcesFiltering - Copying 1 resource from src\main\resources to target\classes
2024-06-18 16:03:41,316 [Worker-45: Building] INFO  o.a.m.s.f.DefaultMavenResourcesFiltering - Copying 3 resources from src\main\resources to target\classes
2024-06-18 16:03:41,320 [Worker-45: Building] INFO  o.a.m.s.f.DefaultMavenResourcesFiltering - skip non existing resourceDirectory C:\Users\asy91\OneDrive\πŸ≈¡ »≠∏È\portfolio01_shoppingMall\03_SpringWorkspace\smilemall\src\test\resources
2024-06-18 16:06:12,904 [Worker-46: Building] INFO  o.a.m.s.f.DefaultMavenResourcesFiltering - Copying 1 resource from src\main\resources to target\classes
2024-06-18 16:06:12,911 [Worker-46: Building] INFO  o.a.m.s.f.DefaultMavenResourcesFiltering - Copying 3 resources from src\main\resources to target\classes
2024-06-18 16:06:12,914 [Worker-46: Building] INFO  o.a.m.s.f.DefaultMavenResourcesFiltering - skip non existing resourceDirectory C:\Users\asy91\OneDrive\πŸ≈¡ »≠∏È\portfolio01_shoppingMall\03_SpringWorkspace\smilemall\src\test\resources
2024-06-18 16:08:12,316 [Worker-45: Building] INFO  o.a.m.s.f.DefaultMavenResourcesFiltering - Copying 1 resource from src\main\resources to target\classes
2024-06-18 16:08:12,325 [Worker-45: Building] INFO  o.a.m.s.f.DefaultMavenResourcesFiltering - Copying 3 resources from src\main\resources to target\classes
2024-06-18 16:08:12,328 [Worker-45: Building] INFO  o.a.m.s.f.DefaultMavenResourcesFiltering - skip non existing resourceDirectory C:\Users\asy91\OneDrive\πŸ≈¡ »≠∏È\portfolio01_shoppingMall\03_SpringWorkspace\smilemall\src\test\resources
2024-06-18 16:08:24,389 [Worker-51: Building] INFO  o.a.m.s.f.DefaultMavenResourcesFiltering - Copying 1 resource from src\main\resources to target\classes
2024-06-18 16:08:24,395 [Worker-51: Building] INFO  o.a.m.s.f.DefaultMavenResourcesFiltering - Copying 3 resources from src\main\resources to target\classes
2024-06-18 16:08:24,398 [Worker-51: Building] INFO  o.a.m.s.f.DefaultMavenResourcesFiltering - skip non existing resourceDirectory C:\Users\asy91\OneDrive\πŸ≈¡ »≠∏È\portfolio01_shoppingMall\03_SpringWorkspace\smilemall\src\test\resources
2024-06-18 16:09:11,370 [Worker-46: Building] INFO  o.a.m.s.f.DefaultMavenResourcesFiltering - Copying 1 resource from src\main\resources to target\classes
2024-06-18 16:09:11,374 [Worker-46: Building] INFO  o.a.m.s.f.DefaultMavenResourcesFiltering - Copying 3 resources from src\main\resources to target\classes
2024-06-18 16:09:11,380 [Worker-46: Building] INFO  o.a.m.s.f.DefaultMavenResourcesFiltering - skip non existing resourceDirectory C:\Users\asy91\OneDrive\πŸ≈¡ »≠∏È\portfolio01_shoppingMall\03_SpringWorkspace\smilemall\src\test\resources
2024-06-18 16:09:14,406 [Worker-50: Building] INFO  o.a.m.s.f.DefaultMavenResourcesFiltering - Copying 1 resource from src\main\resources to target\classes
2024-06-18 16:09:14,410 [Worker-50: Building] INFO  o.a.m.s.f.DefaultMavenResourcesFiltering - Copying 3 resources from src\main\resources to target\classes
2024-06-18 16:09:14,413 [Worker-50: Building] INFO  o.a.m.s.f.DefaultMavenResourcesFiltering - skip non existing resourceDirectory C:\Users\asy91\OneDrive\πŸ≈¡ »≠∏È\portfolio01_shoppingMall\03_SpringWorkspace\smilemall\src\test\resources
2024-06-18 16:09:42,170 [Worker-51: Building] INFO  o.a.m.s.f.DefaultMavenResourcesFiltering - Copying 1 resource from src\main\resources to target\classes
2024-06-18 16:09:42,174 [Worker-51: Building] INFO  o.a.m.s.f.DefaultMavenResourcesFiltering - Copying 3 resources from src\main\resources to target\classes
2024-06-18 16:09:42,177 [Worker-51: Building] INFO  o.a.m.s.f.DefaultMavenResourcesFiltering - skip non existing resourceDirectory C:\Users\asy91\OneDrive\πŸ≈¡ »≠∏È\portfolio01_shoppingMall\03_SpringWorkspace\smilemall\src\test\resources
2024-06-18 16:11:00,602 [Worker-35: Building] INFO  o.a.m.s.f.DefaultMavenResourcesFiltering - Copying 1 resource from src\main\resources to target\classes
2024-06-18 16:11:00,607 [Worker-35: Building] INFO  o.a.m.s.f.DefaultMavenResourcesFiltering - Copying 3 resources from src\main\resources to target\classes
2024-06-18 16:11:00,610 [Worker-35: Building] INFO  o.a.m.s.f.DefaultMavenResourcesFiltering - skip non existing resourceDirectory C:\Users\asy91\OneDrive\πŸ≈¡ »≠∏È\portfolio01_shoppingMall\03_SpringWorkspace\smilemall\src\test\resources
2024-06-18 16:11:49,072 [Worker-44: Building] INFO  o.a.m.s.f.DefaultMavenResourcesFiltering - Copying 0 resource from src\main\resources to target\classes
2024-06-18 16:11:49,074 [Worker-44: Building] INFO  o.a.m.s.f.DefaultMavenResourcesFiltering - Copying 1 resource from src\main\resources to target\classes
2024-06-18 16:11:49,095 [Worker-44: Building] INFO  o.a.m.s.f.DefaultMavenResourcesFiltering - skip non existing resourceDirectory C:\Users\asy91\OneDrive\πŸ≈¡ »≠∏È\portfolio01_shoppingMall\03_SpringWorkspace\smilemall\src\test\resources
2024-06-18 16:11:55,296 [Worker-35: Building] INFO  o.a.m.s.f.DefaultMavenResourcesFiltering - Copying 0 resource from src\main\resources to target\classes
2024-06-18 16:11:55,298 [Worker-35: Building] INFO  o.a.m.s.f.DefaultMavenResourcesFiltering - Copying 1 resource from src\main\resources to target\classes
2024-06-18 16:11:55,301 [Worker-35: Building] INFO  o.a.m.s.f.DefaultMavenResourcesFiltering - skip non existing resourceDirectory C:\Users\asy91\OneDrive\πŸ≈¡ »≠∏È\portfolio01_shoppingMall\03_SpringWorkspace\smilemall\src\test\resources
2024-06-18 16:13:43,407 [Worker-49: Building] INFO  o.a.m.s.f.DefaultMavenResourcesFiltering - Copying 0 resource from src\main\resources to target\classes
2024-06-18 16:13:43,410 [Worker-49: Building] INFO  o.a.m.s.f.DefaultMavenResourcesFiltering - Copying 1 resource from src\main\resources to target\classes
2024-06-18 16:13:43,414 [Worker-49: Building] INFO  o.a.m.s.f.DefaultMavenResourcesFiltering - skip non existing resourceDirectory C:\Users\asy91\OneDrive\πŸ≈¡ »≠∏È\portfolio01_shoppingMall\03_SpringWorkspace\smilemall\src\test\resources
2024-06-18 16:14:06,080 [Worker-45: Building] INFO  o.a.m.s.f.DefaultMavenResourcesFiltering - Copying 0 resource from src\main\resources to target\classes
2024-06-18 16:14:06,081 [Worker-45: Building] INFO  o.a.m.s.f.DefaultMavenResourcesFiltering - Copying 1 resource from src\main\resources to target\classes
2024-06-18 16:14:06,084 [Worker-45: Building] INFO  o.a.m.s.f.DefaultMavenResourcesFiltering - skip non existing resourceDirectory C:\Users\asy91\OneDrive\πŸ≈¡ »≠∏È\portfolio01_shoppingMall\03_SpringWorkspace\smilemall\src\test\resources
2024-06-18 16:14:25,110 [Worker-45: Building] INFO  o.a.m.s.f.DefaultMavenResourcesFiltering - Copying 0 resource from src\main\resources to target\classes
2024-06-18 16:14:25,112 [Worker-45: Building] INFO  o.a.m.s.f.DefaultMavenResourcesFiltering - Copying 1 resource from src\main\resources to target\classes
2024-06-18 16:14:25,115 [Worker-45: Building] INFO  o.a.m.s.f.DefaultMavenResourcesFiltering - skip non existing resourceDirectory C:\Users\asy91\OneDrive\πŸ≈¡ »≠∏È\portfolio01_shoppingMall\03_SpringWorkspace\smilemall\src\test\resources
2024-06-18 16:15:24,989 [Worker-44: Building] INFO  o.a.m.s.f.DefaultMavenResourcesFiltering - Copying 0 resource from src\main\resources to target\classes
2024-06-18 16:15:24,991 [Worker-44: Building] INFO  o.a.m.s.f.DefaultMavenResourcesFiltering - Copying 1 resource from src\main\resources to target\classes
2024-06-18 16:15:24,994 [Worker-44: Building] INFO  o.a.m.s.f.DefaultMavenResourcesFiltering - skip non existing resourceDirectory C:\Users\asy91\OneDrive\πŸ≈¡ »≠∏È\portfolio01_shoppingMall\03_SpringWorkspace\smilemall\src\test\resources
2024-06-18 16:15:58,312 [Worker-45: Building] INFO  o.a.m.s.f.DefaultMavenResourcesFiltering - Copying 0 resource from src\main\resources to target\classes
2024-06-18 16:15:58,314 [Worker-45: Building] INFO  o.a.m.s.f.DefaultMavenResourcesFiltering - Copying 1 resource from src\main\resources to target\classes
2024-06-18 16:15:58,317 [Worker-45: Building] INFO  o.a.m.s.f.DefaultMavenResourcesFiltering - skip non existing resourceDirectory C:\Users\asy91\OneDrive\πŸ≈¡ »≠∏È\portfolio01_shoppingMall\03_SpringWorkspace\smilemall\src\test\resources
2024-06-18 16:16:31,119 [Worker-40: Building] INFO  o.a.m.s.f.DefaultMavenResourcesFiltering - Copying 0 resource from src\main\resources to target\classes
2024-06-18 16:16:31,121 [Worker-40: Building] INFO  o.a.m.s.f.DefaultMavenResourcesFiltering - Copying 1 resource from src\main\resources to target\classes
2024-06-18 16:16:31,125 [Worker-40: Building] INFO  o.a.m.s.f.DefaultMavenResourcesFiltering - skip non existing resourceDirectory C:\Users\asy91\OneDrive\πŸ≈¡ »≠∏È\portfolio01_shoppingMall\03_SpringWorkspace\smilemall\src\test\resources
2024-06-18 16:20:15,268 [Worker-51: Building] INFO  o.a.m.s.f.DefaultMavenResourcesFiltering - Copying 0 resource from src\main\resources to target\classes
2024-06-18 16:20:15,270 [Worker-51: Building] INFO  o.a.m.s.f.DefaultMavenResourcesFiltering - Copying 1 resource from src\main\resources to target\classes
2024-06-18 16:20:15,291 [Worker-51: Building] INFO  o.a.m.s.f.DefaultMavenResourcesFiltering - skip non existing resourceDirectory C:\Users\asy91\OneDrive\πŸ≈¡ »≠∏È\portfolio01_shoppingMall\03_SpringWorkspace\smilemall\src\test\resources
2024-06-18 16:20:20,208 [Worker-51: Building] INFO  o.a.m.s.f.DefaultMavenResourcesFiltering - Copying 0 resource from src\main\resources to target\classes
2024-06-18 16:20:20,210 [Worker-51: Building] INFO  o.a.m.s.f.DefaultMavenResourcesFiltering - Copying 1 resource from src\main\resources to target\classes
2024-06-18 16:20:20,224 [Worker-51: Building] INFO  o.a.m.s.f.DefaultMavenResourcesFiltering - skip non existing resourceDirectory C:\Users\asy91\OneDrive\πŸ≈¡ »≠∏È\portfolio01_shoppingMall\03_SpringWorkspace\smilemall\src\test\resources
2024-06-18 16:21:38,962 [Worker-54: Building] INFO  o.a.m.s.f.DefaultMavenResourcesFiltering - Copying 0 resource from src\main\resources to target\classes
2024-06-18 16:21:38,966 [Worker-54: Building] INFO  o.a.m.s.f.DefaultMavenResourcesFiltering - Copying 1 resource from src\main\resources to target\classes
2024-06-18 16:21:38,969 [Worker-54: Building] INFO  o.a.m.s.f.DefaultMavenResourcesFiltering - skip non existing resourceDirectory C:\Users\asy91\OneDrive\πŸ≈¡ »≠∏È\portfolio01_shoppingMall\03_SpringWorkspace\smilemall\src\test\resources
2024-06-18 16:23:50,304 [Worker-53: Building] INFO  o.a.m.s.f.DefaultMavenResourcesFiltering - Copying 0 resource from src\main\resources to target\classes
2024-06-18 16:23:50,306 [Worker-53: Building] INFO  o.a.m.s.f.DefaultMavenResourcesFiltering - Copying 0 resource from src\main\resources to target\classes
2024-06-18 16:23:50,309 [Worker-53: Building] INFO  o.a.m.s.f.DefaultMavenResourcesFiltering - skip non existing resourceDirectory C:\Users\asy91\OneDrive\πŸ≈¡ »≠∏È\portfolio01_shoppingMall\03_SpringWorkspace\smilemall\src\test\resources
2024-06-18 16:25:16,540 [Worker-57: Building] INFO  o.a.m.s.f.DefaultMavenResourcesFiltering - Copying 0 resource from src\main\resources to target\classes
2024-06-18 16:25:16,543 [Worker-57: Building] INFO  o.a.m.s.f.DefaultMavenResourcesFiltering - Copying 1 resource from src\main\resources to target\classes
2024-06-18 16:25:16,546 [Worker-57: Building] INFO  o.a.m.s.f.DefaultMavenResourcesFiltering - skip non existing resourceDirectory C:\Users\asy91\OneDrive\πŸ≈¡ »≠∏È\portfolio01_shoppingMall\03_SpringWorkspace\smilemall\src\test\resources
2024-06-18 16:28:56,493 [Worker-57: Building] INFO  o.a.m.s.f.DefaultMavenResourcesFiltering - Copying 0 resource from src\main\resources to target\classes
2024-06-18 16:28:56,496 [Worker-57: Building] INFO  o.a.m.s.f.DefaultMavenResourcesFiltering - Copying 1 resource from src\main\resources to target\classes
2024-06-18 16:28:56,500 [Worker-57: Building] INFO  o.a.m.s.f.DefaultMavenResourcesFiltering - skip non existing resourceDirectory C:\Users\asy91\OneDrive\πŸ≈¡ »≠∏È\portfolio01_shoppingMall\03_SpringWorkspace\smilemall\src\test\resources
2024-06-18 16:29:19,331 [Worker-60: Building] INFO  o.a.m.s.f.DefaultMavenResourcesFiltering - Copying 0 resource from src\main\resources to target\classes
2024-06-18 16:29:19,334 [Worker-60: Building] INFO  o.a.m.s.f.DefaultMavenResourcesFiltering - Copying 1 resource from src\main\resources to target\classes
2024-06-18 16:29:19,339 [Worker-60: Building] INFO  o.a.m.s.f.DefaultMavenResourcesFiltering - skip non existing resourceDirectory C:\Users\asy91\OneDrive\πŸ≈¡ »≠∏È\portfolio01_shoppingMall\03_SpringWorkspace\smilemall\src\test\resources
2024-06-18 16:30:29,036 [Worker-57: Building] INFO  o.a.m.s.f.DefaultMavenResourcesFiltering - Copying 0 resource from src\main\resources to target\classes
2024-06-18 16:30:29,038 [Worker-57: Building] INFO  o.a.m.s.f.DefaultMavenResourcesFiltering - Copying 1 resource from src\main\resources to target\classes
2024-06-18 16:30:29,042 [Worker-57: Building] INFO  o.a.m.s.f.DefaultMavenResourcesFiltering - skip non existing resourceDirectory C:\Users\asy91\OneDrive\πŸ≈¡ »≠∏È\portfolio01_shoppingMall\03_SpringWorkspace\smilemall\src\test\resources
2024-06-18 16:31:35,055 [Worker-59: Building] INFO  o.a.m.s.f.DefaultMavenResourcesFiltering - Copying 0 resource from src\main\resources to target\classes
2024-06-18 16:31:35,057 [Worker-59: Building] INFO  o.a.m.s.f.DefaultMavenResourcesFiltering - Copying 1 resource from src\main\resources to target\classes
2024-06-18 16:31:35,061 [Worker-59: Building] INFO  o.a.m.s.f.DefaultMavenResourcesFiltering - skip non existing resourceDirectory C:\Users\asy91\OneDrive\πŸ≈¡ »≠∏È\portfolio01_shoppingMall\03_SpringWorkspace\smilemall\src\test\resources
2024-06-18 16:31:40,321 [Worker-61: Building] INFO  o.a.m.s.f.DefaultMavenResourcesFiltering - Copying 0 resource from src\main\resources to target\classes
2024-06-18 16:31:40,323 [Worker-61: Building] INFO  o.a.m.s.f.DefaultMavenResourcesFiltering - Copying 1 resource from src\main\resources to target\classes
2024-06-18 16:31:40,328 [Worker-61: Building] INFO  o.a.m.s.f.DefaultMavenResourcesFiltering - skip non existing resourceDirectory C:\Users\asy91\OneDrive\πŸ≈¡ »≠∏È\portfolio01_shoppingMall\03_SpringWorkspace\smilemall\src\test\resources
2024-06-18 16:31:49,493 [Worker-53: Building] INFO  o.a.m.s.f.DefaultMavenResourcesFiltering - Copying 0 resource from src\main\resources to target\classes
2024-06-18 16:31:49,497 [Worker-53: Building] INFO  o.a.m.s.f.DefaultMavenResourcesFiltering - Copying 1 resource from src\main\resources to target\classes
2024-06-18 16:31:49,510 [Worker-53: Building] INFO  o.a.m.s.f.DefaultMavenResourcesFiltering - skip non existing resourceDirectory C:\Users\asy91\OneDrive\πŸ≈¡ »≠∏È\portfolio01_shoppingMall\03_SpringWorkspace\smilemall\src\test\resources
2024-06-18 16:31:56,858 [Worker-62: Building] INFO  o.a.m.s.f.DefaultMavenResourcesFiltering - Copying 0 resource from src\main\resources to target\classes
2024-06-18 16:31:56,863 [Worker-62: Building] INFO  o.a.m.s.f.DefaultMavenResourcesFiltering - Copying 1 resource from src\main\resources to target\classes
2024-06-18 16:31:56,867 [Worker-62: Building] INFO  o.a.m.s.f.DefaultMavenResourcesFiltering - skip non existing resourceDirectory C:\Users\asy91\OneDrive\πŸ≈¡ »≠∏È\portfolio01_shoppingMall\03_SpringWorkspace\smilemall\src\test\resources
2024-06-18 16:32:07,015 [Worker-63: Building] INFO  o.a.m.s.f.DefaultMavenResourcesFiltering - Copying 0 resource from src\main\resources to target\classes
2024-06-18 16:32:07,018 [Worker-63: Building] INFO  o.a.m.s.f.DefaultMavenResourcesFiltering - Copying 1 resource from src\main\resources to target\classes
2024-06-18 16:32:07,021 [Worker-63: Building] INFO  o.a.m.s.f.DefaultMavenResourcesFiltering - skip non existing resourceDirectory C:\Users\asy91\OneDrive\πŸ≈¡ »≠∏È\portfolio01_shoppingMall\03_SpringWorkspace\smilemall\src\test\resources
2024-06-18 16:32:33,574 [Worker-62: Building] INFO  o.a.m.s.f.DefaultMavenResourcesFiltering - Copying 0 resource from src\main\resources to target\classes
2024-06-18 16:32:33,576 [Worker-62: Building] INFO  o.a.m.s.f.DefaultMavenResourcesFiltering - Copying 1 resource from src\main\resources to target\classes
2024-06-18 16:32:33,580 [Worker-62: Building] INFO  o.a.m.s.f.DefaultMavenResourcesFiltering - skip non existing resourceDirectory C:\Users\asy91\OneDrive\πŸ≈¡ »≠∏È\portfolio01_shoppingMall\03_SpringWorkspace\smilemall\src\test\resources
2024-06-18 16:32:38,697 [Worker-59: Building] INFO  o.a.m.s.f.DefaultMavenResourcesFiltering - Copying 0 resource from src\main\resources to target\classes
2024-06-18 16:32:38,700 [Worker-59: Building] INFO  o.a.m.s.f.DefaultMavenResourcesFiltering - Copying 1 resource from src\main\resources to target\classes
2024-06-18 16:32:38,703 [Worker-59: Building] INFO  o.a.m.s.f.DefaultMavenResourcesFiltering - skip non existing resourceDirectory C:\Users\asy91\OneDrive\πŸ≈¡ »≠∏È\portfolio01_shoppingMall\03_SpringWorkspace\smilemall\src\test\resources
2024-06-18 16:32:44,141 [Worker-53: Building] INFO  o.a.m.s.f.DefaultMavenResourcesFiltering - Copying 0 resource from src\main\resources to target\classes
2024-06-18 16:32:44,144 [Worker-53: Building] INFO  o.a.m.s.f.DefaultMavenResourcesFiltering - Copying 1 resource from src\main\resources to target\classes
2024-06-18 16:32:44,148 [Worker-53: Building] INFO  o.a.m.s.f.DefaultMavenResourcesFiltering - skip non existing resourceDirectory C:\Users\asy91\OneDrive\πŸ≈¡ »≠∏È\portfolio01_shoppingMall\03_SpringWorkspace\smilemall\src\test\resources
2024-06-18 16:32:47,467 [Worker-62: Building] INFO  o.a.m.s.f.DefaultMavenResourcesFiltering - Copying 0 resource from src\main\resources to target\classes
2024-06-18 16:32:47,470 [Worker-62: Building] INFO  o.a.m.s.f.DefaultMavenResourcesFiltering - Copying 1 resource from src\main\resources to target\classes
2024-06-18 16:32:47,474 [Worker-62: Building] INFO  o.a.m.s.f.DefaultMavenResourcesFiltering - skip non existing resourceDirectory C:\Users\asy91\OneDrive\πŸ≈¡ »≠∏È\portfolio01_shoppingMall\03_SpringWorkspace\smilemall\src\test\resources
2024-06-18 16:34:58,694 [Worker-66: Building] INFO  o.a.m.s.f.DefaultMavenResourcesFiltering - Copying 0 resource from src\main\resources to target\classes
2024-06-18 16:34:58,697 [Worker-66: Building] INFO  o.a.m.s.f.DefaultMavenResourcesFiltering - Copying 1 resource from src\main\resources to target\classes
2024-06-18 16:34:58,702 [Worker-66: Building] INFO  o.a.m.s.f.DefaultMavenResourcesFiltering - skip non existing resourceDirectory C:\Users\asy91\OneDrive\πŸ≈¡ »≠∏È\portfolio01_shoppingMall\03_SpringWorkspace\smilemall\src\test\resources
2024-06-18 16:35:03,324 [Worker-64: Building] INFO  o.a.m.s.f.DefaultMavenResourcesFiltering - Copying 0 resource from src\main\resources to target\classes
2024-06-18 16:35:03,327 [Worker-64: Building] INFO  o.a.m.s.f.DefaultMavenResourcesFiltering - Copying 1 resource from src\main\resources to target\classes
2024-06-18 16:35:03,331 [Worker-64: Building] INFO  o.a.m.s.f.DefaultMavenResourcesFiltering - skip non existing resourceDirectory C:\Users\asy91\OneDrive\πŸ≈¡ »≠∏È\portfolio01_shoppingMall\03_SpringWorkspace\smilemall\src\test\resources
2024-06-18 16:35:59,204 [Worker-61: Building] INFO  o.a.m.s.f.DefaultMavenResourcesFiltering - Copying 1 resource from src\main\resources to target\classes
2024-06-18 16:35:59,212 [Worker-61: Building] INFO  o.a.m.s.f.DefaultMavenResourcesFiltering - Copying 11 resources from src\main\resources to target\classes
2024-06-18 16:35:59,217 [Worker-61: Building] INFO  o.a.m.s.f.DefaultMavenResourcesFiltering - skip non existing resourceDirectory C:\Users\asy91\OneDrive\πŸ≈¡ »≠∏È\portfolio01_shoppingMall\03_SpringWorkspace\smilemall\src\test\resources
2024-06-18 16:38:27,698 [Worker-65: Building] INFO  o.a.m.s.f.DefaultMavenResourcesFiltering - Copying 0 resource from src\main\resources to target\classes
2024-06-18 16:38:27,700 [Worker-65: Building] INFO  o.a.m.s.f.DefaultMavenResourcesFiltering - Copying 1 resource from src\main\resources to target\classes
2024-06-18 16:38:27,705 [Worker-65: Building] INFO  o.a.m.s.f.DefaultMavenResourcesFiltering - skip non existing resourceDirectory C:\Users\asy91\OneDrive\πŸ≈¡ »≠∏È\portfolio01_shoppingMall\03_SpringWorkspace\smilemall\src\test\resources
2024-06-18 16:41:42,133 [Worker-70: Building] INFO  o.a.m.s.f.DefaultMavenResourcesFiltering - Copying 0 resource from src\main\resources to target\classes
2024-06-18 16:41:42,136 [Worker-70: Building] INFO  o.a.m.s.f.DefaultMavenResourcesFiltering - Copying 1 resource from src\main\resources to target\classes
2024-06-18 16:41:42,140 [Worker-70: Building] INFO  o.a.m.s.f.DefaultMavenResourcesFiltering - skip non existing resourceDirectory C:\Users\asy91\OneDrive\πŸ≈¡ »≠∏È\portfolio01_shoppingMall\03_SpringWorkspace\smilemall\src\test\resources
2024-06-18 16:45:09,148 [Worker-74: Building] INFO  o.a.m.s.f.DefaultMavenResourcesFiltering - Copying 0 resource from src\main\resources to target\classes
2024-06-18 16:45:09,151 [Worker-74: Building] INFO  o.a.m.s.f.DefaultMavenResourcesFiltering - Copying 1 resource from src\main\resources to target\classes
2024-06-18 16:45:09,155 [Worker-74: Building] INFO  o.a.m.s.f.DefaultMavenResourcesFiltering - skip non existing resourceDirectory C:\Users\asy91\OneDrive\πŸ≈¡ »≠∏È\portfolio01_shoppingMall\03_SpringWorkspace\smilemall\src\test\resources
2024-06-18 16:45:49,260 [Worker-74: Building] INFO  o.a.m.s.f.DefaultMavenResourcesFiltering - Copying 0 resource from src\main\resources to target\classes
2024-06-18 16:45:49,263 [Worker-74: Building] INFO  o.a.m.s.f.DefaultMavenResourcesFiltering - Copying 1 resource from src\main\resources to target\classes
2024-06-18 16:45:49,266 [Worker-74: Building] INFO  o.a.m.s.f.DefaultMavenResourcesFiltering - skip non existing resourceDirectory C:\Users\asy91\OneDrive\πŸ≈¡ »≠∏È\portfolio01_shoppingMall\03_SpringWorkspace\smilemall\src\test\resources
2024-06-18 16:46:09,442 [Worker-72: Building] INFO  o.a.m.s.f.DefaultMavenResourcesFiltering - Copying 0 resource from src\main\resources to target\classes
2024-06-18 16:46:09,445 [Worker-72: Building] INFO  o.a.m.s.f.DefaultMavenResourcesFiltering - Copying 1 resource from src\main\resources to target\classes
2024-06-18 16:46:09,449 [Worker-72: Building] INFO  o.a.m.s.f.DefaultMavenResourcesFiltering - skip non existing resourceDirectory C:\Users\asy91\OneDrive\πŸ≈¡ »≠∏È\portfolio01_shoppingMall\03_SpringWorkspace\smilemall\src\test\resources
2024-06-18 16:47:11,839 [Worker-70: Building] INFO  o.a.m.s.f.DefaultMavenResourcesFiltering - Copying 0 resource from src\main\resources to target\classes
2024-06-18 16:47:11,841 [Worker-70: Building] INFO  o.a.m.s.f.DefaultMavenResourcesFiltering - Copying 1 resource from src\main\resources to target\classes
2024-06-18 16:47:11,844 [Worker-70: Building] INFO  o.a.m.s.f.DefaultMavenResourcesFiltering - skip non existing resourceDirectory C:\Users\asy91\OneDrive\πŸ≈¡ »≠∏È\portfolio01_shoppingMall\03_SpringWorkspace\smilemall\src\test\resources
2024-06-18 16:47:46,989 [Worker-72: Building] INFO  o.a.m.s.f.DefaultMavenResourcesFiltering - Copying 0 resource from src\main\resources to target\classes
2024-06-18 16:47:46,992 [Worker-72: Building] INFO  o.a.m.s.f.DefaultMavenResourcesFiltering - Copying 1 resource from src\main\resources to target\classes
2024-06-18 16:47:47,006 [Worker-72: Building] INFO  o.a.m.s.f.DefaultMavenResourcesFiltering - skip non existing resourceDirectory C:\Users\asy91\OneDrive\πŸ≈¡ »≠∏È\portfolio01_shoppingMall\03_SpringWorkspace\smilemall\src\test\resources
2024-06-18 16:48:30,737 [Worker-74: Building] INFO  o.a.m.s.f.DefaultMavenResourcesFiltering - Copying 0 resource from src\main\resources to target\classes
2024-06-18 16:48:30,740 [Worker-74: Building] INFO  o.a.m.s.f.DefaultMavenResourcesFiltering - Copying 1 resource from src\main\resources to target\classes
2024-06-18 16:48:30,753 [Worker-74: Building] INFO  o.a.m.s.f.DefaultMavenResourcesFiltering - skip non existing resourceDirectory C:\Users\asy91\OneDrive\πŸ≈¡ »≠∏È\portfolio01_shoppingMall\03_SpringWorkspace\smilemall\src\test\resources
2024-06-18 16:49:27,061 [Worker-70: Building] INFO  o.a.m.s.f.DefaultMavenResourcesFiltering - Copying 0 resource from src\main\resources to target\classes
2024-06-18 16:49:27,064 [Worker-70: Building] INFO  o.a.m.s.f.DefaultMavenResourcesFiltering - Copying 1 resource from src\main\resources to target\classes
2024-06-18 16:49:27,067 [Worker-70: Building] INFO  o.a.m.s.f.DefaultMavenResourcesFiltering - skip non existing resourceDirectory C:\Users\asy91\OneDrive\πŸ≈¡ »≠∏È\portfolio01_shoppingMall\03_SpringWorkspace\smilemall\src\test\resources
2024-06-18 16:49:32,638 [Worker-72: Building] INFO  o.a.m.s.f.DefaultMavenResourcesFiltering - Copying 0 resource from src\main\resources to target\classes
2024-06-18 16:49:32,642 [Worker-72: Building] INFO  o.a.m.s.f.DefaultMavenResourcesFiltering - Copying 1 resource from src\main\resources to target\classes
2024-06-18 16:49:32,645 [Worker-72: Building] INFO  o.a.m.s.f.DefaultMavenResourcesFiltering - skip non existing resourceDirectory C:\Users\asy91\OneDrive\πŸ≈¡ »≠∏È\portfolio01_shoppingMall\03_SpringWorkspace\smilemall\src\test\resources
2024-06-18 16:50:18,235 [Worker-73: Building] INFO  o.a.m.s.f.DefaultMavenResourcesFiltering - Copying 0 resource from src\main\resources to target\classes
2024-06-18 16:50:18,238 [Worker-73: Building] INFO  o.a.m.s.f.DefaultMavenResourcesFiltering - Copying 1 resource from src\main\resources to target\classes
2024-06-18 16:50:18,241 [Worker-73: Building] INFO  o.a.m.s.f.DefaultMavenResourcesFiltering - skip non existing resourceDirectory C:\Users\asy91\OneDrive\πŸ≈¡ »≠∏È\portfolio01_shoppingMall\03_SpringWorkspace\smilemall\src\test\resources
2024-06-18 17:02:58,550 [Worker-75: Building] INFO  o.a.m.s.f.DefaultMavenResourcesFiltering - Copying 0 resource from src\main\resources to target\classes
2024-06-18 17:02:58,553 [Worker-75: Building] INFO  o.a.m.s.f.DefaultMavenResourcesFiltering - Copying 1 resource from src\main\resources to target\classes
2024-06-18 17:02:58,558 [Worker-75: Building] INFO  o.a.m.s.f.DefaultMavenResourcesFiltering - skip non existing resourceDirectory C:\Users\asy91\OneDrive\πŸ≈¡ »≠∏È\portfolio01_shoppingMall\03_SpringWorkspace\smilemall\src\test\resources
2024-06-18 17:04:41,744 [Worker-77: Building] INFO  o.a.m.s.f.DefaultMavenResourcesFiltering - Copying 0 resource from src\main\resources to target\classes
2024-06-18 17:04:41,747 [Worker-77: Building] INFO  o.a.m.s.f.DefaultMavenResourcesFiltering - Copying 1 resource from src\main\resources to target\classes
2024-06-18 17:04:41,751 [Worker-77: Building] INFO  o.a.m.s.f.DefaultMavenResourcesFiltering - skip non existing resourceDirectory C:\Users\asy91\OneDrive\πŸ≈¡ »≠∏È\portfolio01_shoppingMall\03_SpringWorkspace\smilemall\src\test\resources
2024-06-18 17:05:52,991 [Worker-80: Building] INFO  o.a.m.s.f.DefaultMavenResourcesFiltering - Copying 0 resource from src\main\resources to target\classes
2024-06-18 17:05:52,993 [Worker-80: Building] INFO  o.a.m.s.f.DefaultMavenResourcesFiltering - Copying 1 resource from src\main\resources to target\classes
2024-06-18 17:05:52,997 [Worker-80: Building] INFO  o.a.m.s.f.DefaultMavenResourcesFiltering - skip non existing resourceDirectory C:\Users\asy91\OneDrive\πŸ≈¡ »≠∏È\portfolio01_shoppingMall\03_SpringWorkspace\smilemall\src\test\resources
2024-06-18 17:06:36,150 [Worker-81: Building] INFO  o.a.m.s.f.DefaultMavenResourcesFiltering - Copying 0 resource from src\main\resources to target\classes
2024-06-18 17:06:36,153 [Worker-81: Building] INFO  o.a.m.s.f.DefaultMavenResourcesFiltering - Copying 1 resource from src\main\resources to target\classes
2024-06-18 17:06:36,157 [Worker-81: Building] INFO  o.a.m.s.f.DefaultMavenResourcesFiltering - skip non existing resourceDirectory C:\Users\asy91\OneDrive\πŸ≈¡ »≠∏È\portfolio01_shoppingMall\03_SpringWorkspace\smilemall\src\test\resources
2024-06-18 17:06:52,091 [Worker-77: Building] INFO  o.a.m.s.f.DefaultMavenResourcesFiltering - Copying 0 resource from src\main\resources to target\classes
2024-06-18 17:06:52,094 [Worker-77: Building] INFO  o.a.m.s.f.DefaultMavenResourcesFiltering - Copying 1 resource from src\main\resources to target\classes
2024-06-18 17:06:52,097 [Worker-77: Building] INFO  o.a.m.s.f.DefaultMavenResourcesFiltering - skip non existing resourceDirectory C:\Users\asy91\OneDrive\πŸ≈¡ »≠∏È\portfolio01_shoppingMall\03_SpringWorkspace\smilemall\src\test\resources
2024-06-18 17:07:01,414 [Worker-80: Building] INFO  o.a.m.s.f.DefaultMavenResourcesFiltering - Copying 0 resource from src\main\resources to target\classes
2024-06-18 17:07:01,417 [Worker-80: Building] INFO  o.a.m.s.f.DefaultMavenResourcesFiltering - Copying 1 resource from src\main\resources to target\classes
2024-06-18 17:07:01,423 [Worker-80: Building] INFO  o.a.m.s.f.DefaultMavenResourcesFiltering - skip non existing resourceDirectory C:\Users\asy91\OneDrive\πŸ≈¡ »≠∏È\portfolio01_shoppingMall\03_SpringWorkspace\smilemall\src\test\resources
2024-06-18 17:07:33,023 [Worker-77: Building] INFO  o.a.m.s.f.DefaultMavenResourcesFiltering - Copying 0 resource from src\main\resources to target\classes
2024-06-18 17:07:33,026 [Worker-77: Building] INFO  o.a.m.s.f.DefaultMavenResourcesFiltering - Copying 1 resource from src\main\resources to target\classes
2024-06-18 17:07:33,029 [Worker-77: Building] INFO  o.a.m.s.f.DefaultMavenResourcesFiltering - skip non existing resourceDirectory C:\Users\asy91\OneDrive\πŸ≈¡ »≠∏È\portfolio01_shoppingMall\03_SpringWorkspace\smilemall\src\test\resources
2024-06-18 17:07:36,623 [Worker-82: Building] INFO  o.a.m.s.f.DefaultMavenResourcesFiltering - Copying 0 resource from src\main\resources to target\classes
2024-06-18 17:07:36,626 [Worker-82: Building] INFO  o.a.m.s.f.DefaultMavenResourcesFiltering - Copying 1 resource from src\main\resources to target\classes
2024-06-18 17:07:36,628 [Worker-82: Building] INFO  o.a.m.s.f.DefaultMavenResourcesFiltering - skip non existing resourceDirectory C:\Users\asy91\OneDrive\πŸ≈¡ »≠∏È\portfolio01_shoppingMall\03_SpringWorkspace\smilemall\src\test\resources
2024-06-18 17:08:46,779 [Worker-80: Building] INFO  o.a.m.s.f.DefaultMavenResourcesFiltering - Copying 0 resource from src\main\resources to target\classes
2024-06-18 17:08:46,783 [Worker-80: Building] INFO  o.a.m.s.f.DefaultMavenResourcesFiltering - Copying 1 resource from src\main\resources to target\classes
2024-06-18 17:08:46,785 [Worker-80: Building] INFO  o.a.m.s.f.DefaultMavenResourcesFiltering - skip non existing resourceDirectory C:\Users\asy91\OneDrive\πŸ≈¡ »≠∏È\portfolio01_shoppingMall\03_SpringWorkspace\smilemall\src\test\resources
2024-06-18 17:08:50,037 [Worker-82: Building] INFO  o.a.m.s.f.DefaultMavenResourcesFiltering - Copying 0 resource from src\main\resources to target\classes
2024-06-18 17:08:50,040 [Worker-82: Building] INFO  o.a.m.s.f.DefaultMavenResourcesFiltering - Copying 1 resource from src\main\resources to target\classes
2024-06-18 17:08:50,042 [Worker-82: Building] INFO  o.a.m.s.f.DefaultMavenResourcesFiltering - skip non existing resourceDirectory C:\Users\asy91\OneDrive\πŸ≈¡ »≠∏È\portfolio01_shoppingMall\03_SpringWorkspace\smilemall\src\test\resources
2024-06-18 17:10:19,490 [Worker-82: Building] INFO  o.a.m.s.f.DefaultMavenResourcesFiltering - Copying 0 resource from src\main\resources to target\classes
2024-06-18 17:10:19,493 [Worker-82: Building] INFO  o.a.m.s.f.DefaultMavenResourcesFiltering - Copying 1 resource from src\main\resources to target\classes
2024-06-18 17:10:19,498 [Worker-82: Building] INFO  o.a.m.s.f.DefaultMavenResourcesFiltering - skip non existing resourceDirectory C:\Users\asy91\OneDrive\πŸ≈¡ »≠∏È\portfolio01_shoppingMall\03_SpringWorkspace\smilemall\src\test\resources
2024-06-18 17:11:30,058 [Worker-82: Building] INFO  o.a.m.s.f.DefaultMavenResourcesFiltering - Copying 0 resource from src\main\resources to target\classes
2024-06-18 17:11:30,062 [Worker-82: Building] INFO  o.a.m.s.f.DefaultMavenResourcesFiltering - Copying 1 resource from src\main\resources to target\classes
2024-06-18 17:11:30,066 [Worker-82: Building] INFO  o.a.m.s.f.DefaultMavenResourcesFiltering - skip non existing resourceDirectory C:\Users\asy91\OneDrive\πŸ≈¡ »≠∏È\portfolio01_shoppingMall\03_SpringWorkspace\smilemall\src\test\resources
2024-06-18 17:11:53,476 [Worker-84: Building] INFO  o.a.m.s.f.DefaultMavenResourcesFiltering - Copying 0 resource from src\main\resources to target\classes
2024-06-18 17:11:53,479 [Worker-84: Building] INFO  o.a.m.s.f.DefaultMavenResourcesFiltering - Copying 1 resource from src\main\resources to target\classes
2024-06-18 17:11:53,482 [Worker-84: Building] INFO  o.a.m.s.f.DefaultMavenResourcesFiltering - skip non existing resourceDirectory C:\Users\asy91\OneDrive\πŸ≈¡ »≠∏È\portfolio01_shoppingMall\03_SpringWorkspace\smilemall\src\test\resources
2024-06-18 17:12:11,771 [Worker-84: Building] INFO  o.a.m.s.f.DefaultMavenResourcesFiltering - Copying 0 resource from src\main\resources to target\classes
2024-06-18 17:12:11,773 [Worker-84: Building] INFO  o.a.m.s.f.DefaultMavenResourcesFiltering - Copying 1 resource from src\main\resources to target\classes
2024-06-18 17:12:11,779 [Worker-84: Building] INFO  o.a.m.s.f.DefaultMavenResourcesFiltering - skip non existing resourceDirectory C:\Users\asy91\OneDrive\πŸ≈¡ »≠∏È\portfolio01_shoppingMall\03_SpringWorkspace\smilemall\src\test\resources
2024-06-18 17:13:00,132 [Worker-82: Building] INFO  o.a.m.s.f.DefaultMavenResourcesFiltering - Copying 0 resource from src\main\resources to target\classes
2024-06-18 17:13:00,135 [Worker-82: Building] INFO  o.a.m.s.f.DefaultMavenResourcesFiltering - Copying 1 resource from src\main\resources to target\classes
2024-06-18 17:13:00,137 [Worker-82: Building] INFO  o.a.m.s.f.DefaultMavenResourcesFiltering - skip non existing resourceDirectory C:\Users\asy91\OneDrive\πŸ≈¡ »≠∏È\portfolio01_shoppingMall\03_SpringWorkspace\smilemall\src\test\resources
2024-06-18 17:13:34,069 [Worker-84: Building] INFO  o.a.m.s.f.DefaultMavenResourcesFiltering - Copying 0 resource from src\main\resources to target\classes
2024-06-18 17:13:34,072 [Worker-84: Building] INFO  o.a.m.s.f.DefaultMavenResourcesFiltering - Copying 1 resource from src\main\resources to target\classes
2024-06-18 17:13:34,077 [Worker-84: Building] INFO  o.a.m.s.f.DefaultMavenResourcesFiltering - skip non existing resourceDirectory C:\Users\asy91\OneDrive\πŸ≈¡ »≠∏È\portfolio01_shoppingMall\03_SpringWorkspace\smilemall\src\test\resources
2024-06-18 17:13:46,619 [Worker-84: Building] INFO  o.a.m.s.f.DefaultMavenResourcesFiltering - Copying 0 resource from src\main\resources to target\classes
2024-06-18 17:13:46,621 [Worker-84: Building] INFO  o.a.m.s.f.DefaultMavenResourcesFiltering - Copying 1 resource from src\main\resources to target\classes
2024-06-18 17:13:46,626 [Worker-84: Building] INFO  o.a.m.s.f.DefaultMavenResourcesFiltering - skip non existing resourceDirectory C:\Users\asy91\OneDrive\πŸ≈¡ »≠∏È\portfolio01_shoppingMall\03_SpringWorkspace\smilemall\src\test\resources
2024-06-18 17:15:07,183 [Worker-85: Building] INFO  o.a.m.s.f.DefaultMavenResourcesFiltering - Copying 0 resource from src\main\resources to target\classes
2024-06-18 17:15:07,186 [Worker-85: Building] INFO  o.a.m.s.f.DefaultMavenResourcesFiltering - Copying 1 resource from src\main\resources to target\classes
2024-06-18 17:15:07,188 [Worker-85: Building] INFO  o.a.m.s.f.DefaultMavenResourcesFiltering - skip non existing resourceDirectory C:\Users\asy91\OneDrive\πŸ≈¡ »≠∏È\portfolio01_shoppingMall\03_SpringWorkspace\smilemall\src\test\resources
2024-06-18 17:15:13,883 [Worker-80: Building] INFO  o.a.m.s.f.DefaultMavenResourcesFiltering - Copying 0 resource from src\main\resources to target\classes
2024-06-18 17:15:13,887 [Worker-80: Building] INFO  o.a.m.s.f.DefaultMavenResourcesFiltering - Copying 1 resource from src\main\resources to target\classes
2024-06-18 17:15:13,889 [Worker-80: Building] INFO  o.a.m.s.f.DefaultMavenResourcesFiltering - skip non existing resourceDirectory C:\Users\asy91\OneDrive\πŸ≈¡ »≠∏È\portfolio01_shoppingMall\03_SpringWorkspace\smilemall\src\test\resources
2024-06-18 17:15:59,939 [Worker-81: Building] INFO  o.a.m.s.f.DefaultMavenResourcesFiltering - Copying 0 resource from src\main\resources to target\classes
2024-06-18 17:15:59,942 [Worker-81: Building] INFO  o.a.m.s.f.DefaultMavenResourcesFiltering - Copying 1 resource from src\main\resources to target\classes
2024-06-18 17:15:59,944 [Worker-81: Building] INFO  o.a.m.s.f.DefaultMavenResourcesFiltering - skip non existing resourceDirectory C:\Users\asy91\OneDrive\πŸ≈¡ »≠∏È\portfolio01_shoppingMall\03_SpringWorkspace\smilemall\src\test\resources
2024-06-18 17:16:04,329 [Worker-82: Building] INFO  o.a.m.s.f.DefaultMavenResourcesFiltering - Copying 0 resource from src\main\resources to target\classes
2024-06-18 17:16:04,332 [Worker-82: Building] INFO  o.a.m.s.f.DefaultMavenResourcesFiltering - Copying 1 resource from src\main\resources to target\classes
2024-06-18 17:16:04,336 [Worker-82: Building] INFO  o.a.m.s.f.DefaultMavenResourcesFiltering - skip non existing resourceDirectory C:\Users\asy91\OneDrive\πŸ≈¡ »≠∏È\portfolio01_shoppingMall\03_SpringWorkspace\smilemall\src\test\resources
2024-06-18 17:17:22,385 [Worker-85: Building] INFO  o.a.m.s.f.DefaultMavenResourcesFiltering - Copying 0 resource from src\main\resources to target\classes
2024-06-18 17:17:22,388 [Worker-85: Building] INFO  o.a.m.s.f.DefaultMavenResourcesFiltering - Copying 1 resource from src\main\resources to target\classes
2024-06-18 17:17:22,392 [Worker-85: Building] INFO  o.a.m.s.f.DefaultMavenResourcesFiltering - skip non existing resourceDirectory C:\Users\asy91\OneDrive\πŸ≈¡ »≠∏È\portfolio01_shoppingMall\03_SpringWorkspace\smilemall\src\test\resources
2024-06-18 17:17:46,948 [Worker-85: Building] INFO  o.a.m.s.f.DefaultMavenResourcesFiltering - Copying 0 resource from src\main\resources to target\classes
2024-06-18 17:17:46,951 [Worker-85: Building] INFO  o.a.m.s.f.DefaultMavenResourcesFiltering - Copying 1 resource from src\main\resources to target\classes
2024-06-18 17:17:46,954 [Worker-85: Building] INFO  o.a.m.s.f.DefaultMavenResourcesFiltering - skip non existing resourceDirectory C:\Users\asy91\OneDrive\πŸ≈¡ »≠∏È\portfolio01_shoppingMall\03_SpringWorkspace\smilemall\src\test\resources
2024-06-18 17:18:01,187 [Worker-82: Building] INFO  o.a.m.s.f.DefaultMavenResourcesFiltering - Copying 0 resource from src\main\resources to target\classes
2024-06-18 17:18:01,189 [Worker-82: Building] INFO  o.a.m.s.f.DefaultMavenResourcesFiltering - Copying 1 resource from src\main\resources to target\classes
2024-06-18 17:18:01,194 [Worker-82: Building] INFO  o.a.m.s.f.DefaultMavenResourcesFiltering - skip non existing resourceDirectory C:\Users\asy91\OneDrive\πŸ≈¡ »≠∏È\portfolio01_shoppingMall\03_SpringWorkspace\smilemall\src\test\resources
2024-06-18 17:18:14,940 [Worker-85: Building] INFO  o.a.m.s.f.DefaultMavenResourcesFiltering - Copying 0 resource from src\main\resources to target\classes
2024-06-18 17:18:14,943 [Worker-85: Building] INFO  o.a.m.s.f.DefaultMavenResourcesFiltering - Copying 1 resource from src\main\resources to target\classes
2024-06-18 17:18:14,946 [Worker-85: Building] INFO  o.a.m.s.f.DefaultMavenResourcesFiltering - skip non existing resourceDirectory C:\Users\asy91\OneDrive\πŸ≈¡ »≠∏È\portfolio01_shoppingMall\03_SpringWorkspace\smilemall\src\test\resources
2024-06-18 17:21:49,488 [Worker-82: Building] INFO  o.a.m.s.f.DefaultMavenResourcesFiltering - Copying 0 resource from src\main\resources to target\classes
2024-06-18 17:21:49,491 [Worker-82: Building] INFO  o.a.m.s.f.DefaultMavenResourcesFiltering - Copying 1 resource from src\main\resources to target\classes
2024-06-18 17:21:49,494 [Worker-82: Building] INFO  o.a.m.s.f.DefaultMavenResourcesFiltering - skip non existing resourceDirectory C:\Users\asy91\OneDrive\πŸ≈¡ »≠∏È\portfolio01_shoppingMall\03_SpringWorkspace\smilemall\src\test\resources
2024-06-18 17:23:28,753 [Worker-88: Building] INFO  o.a.m.s.f.DefaultMavenResourcesFiltering - Copying 0 resource from src\main\resources to target\classes
2024-06-18 17:23:28,757 [Worker-88: Building] INFO  o.a.m.s.f.DefaultMavenResourcesFiltering - Copying 1 resource from src\main\resources to target\classes
2024-06-18 17:23:28,761 [Worker-88: Building] INFO  o.a.m.s.f.DefaultMavenResourcesFiltering - skip non existing resourceDirectory C:\Users\asy91\OneDrive\πŸ≈¡ »≠∏È\portfolio01_shoppingMall\03_SpringWorkspace\smilemall\src\test\resources
2024-06-18 17:26:53,613 [Worker-92: Building] INFO  o.a.m.s.f.DefaultMavenResourcesFiltering - Copying 1 resource from src\main\resources to target\classes
2024-06-18 17:26:53,632 [Worker-92: Building] INFO  o.a.m.s.f.DefaultMavenResourcesFiltering - Copying 11 resources from src\main\resources to target\classes
2024-06-18 17:26:53,639 [Worker-92: Building] INFO  o.a.m.s.f.DefaultMavenResourcesFiltering - skip non existing resourceDirectory C:\Users\asy91\OneDrive\πŸ≈¡ »≠∏È\portfolio01_shoppingMall\03_SpringWorkspace\smilemall\src\test\resources
2024-06-18 17:27:02,352 [Worker-89: Building] INFO  o.a.m.s.f.DefaultMavenResourcesFiltering - Copying 1 resource from src\main\resources to target\classes
2024-06-18 17:27:02,361 [Worker-89: Building] INFO  o.a.m.s.f.DefaultMavenResourcesFiltering - Copying 11 resources from src\main\resources to target\classes
2024-06-18 17:27:02,368 [Worker-89: Building] INFO  o.a.m.s.f.DefaultMavenResourcesFiltering - skip non existing resourceDirectory C:\Users\asy91\OneDrive\πŸ≈¡ »≠∏È\portfolio01_shoppingMall\03_SpringWorkspace\smilemall\src\test\resources
2024-06-18 17:28:00,047 [Worker-94: Building] INFO  o.a.m.s.f.DefaultMavenResourcesFiltering - Copying 0 resource from src\main\resources to target\classes
2024-06-18 17:28:00,050 [Worker-94: Building] INFO  o.a.m.s.f.DefaultMavenResourcesFiltering - Copying 1 resource from src\main\resources to target\classes
2024-06-18 17:28:00,052 [Worker-94: Building] INFO  o.a.m.s.f.DefaultMavenResourcesFiltering - skip non existing resourceDirectory C:\Users\asy91\OneDrive\πŸ≈¡ »≠∏È\portfolio01_shoppingMall\03_SpringWorkspace\smilemall\src\test\resources
2024-06-18 17:28:14,142 [Worker-91: Building] INFO  o.a.m.s.f.DefaultMavenResourcesFiltering - Copying 0 resource from src\main\resources to target\classes
2024-06-18 17:28:14,144 [Worker-91: Building] INFO  o.a.m.s.f.DefaultMavenResourcesFiltering - Copying 1 resource from src\main\resources to target\classes
2024-06-18 17:28:14,147 [Worker-91: Building] INFO  o.a.m.s.f.DefaultMavenResourcesFiltering - skip non existing resourceDirectory C:\Users\asy91\OneDrive\πŸ≈¡ »≠∏È\portfolio01_shoppingMall\03_SpringWorkspace\smilemall\src\test\resources
2024-06-18 17:28:33,607 [Worker-92: Building] INFO  o.a.m.s.f.DefaultMavenResourcesFiltering - Copying 0 resource from src\main\resources to target\classes
2024-06-18 17:28:33,610 [Worker-92: Building] INFO  o.a.m.s.f.DefaultMavenResourcesFiltering - Copying 1 resource from src\main\resources to target\classes
2024-06-18 17:28:33,614 [Worker-92: Building] INFO  o.a.m.s.f.DefaultMavenResourcesFiltering - skip non existing resourceDirectory C:\Users\asy91\OneDrive\πŸ≈¡ »≠∏È\portfolio01_shoppingMall\03_SpringWorkspace\smilemall\src\test\resources
2024-06-18 17:29:18,095 [Worker-91: Building] INFO  o.a.m.s.f.DefaultMavenResourcesFiltering - Copying 0 resource from src\main\resources to target\classes
2024-06-18 17:29:18,098 [Worker-91: Building] INFO  o.a.m.s.f.DefaultMavenResourcesFiltering - Copying 1 resource from src\main\resources to target\classes
2024-06-18 17:29:18,101 [Worker-91: Building] INFO  o.a.m.s.f.DefaultMavenResourcesFiltering - skip non existing resourceDirectory C:\Users\asy91\OneDrive\πŸ≈¡ »≠∏È\portfolio01_shoppingMall\03_SpringWorkspace\smilemall\src\test\resources
2024-06-18 17:29:24,539 [Worker-94: Building] INFO  o.a.m.s.f.DefaultMavenResourcesFiltering - Copying 0 resource from src\main\resources to target\classes
2024-06-18 17:29:24,544 [Worker-94: Building] INFO  o.a.m.s.f.DefaultMavenResourcesFiltering - Copying 1 resource from src\main\resources to target\classes
2024-06-18 17:29:24,548 [Worker-94: Building] INFO  o.a.m.s.f.DefaultMavenResourcesFiltering - skip non existing resourceDirectory C:\Users\asy91\OneDrive\πŸ≈¡ »≠∏È\portfolio01_shoppingMall\03_SpringWorkspace\smilemall\src\test\resources
2024-06-18 17:29:30,934 [Worker-89: Building] INFO  o.a.m.s.f.DefaultMavenResourcesFiltering - Copying 0 resource from src\main\resources to target\classes
2024-06-18 17:29:30,937 [Worker-89: Building] INFO  o.a.m.s.f.DefaultMavenResourcesFiltering - Copying 1 resource from src\main\resources to target\classes
2024-06-18 17:29:30,942 [Worker-89: Building] INFO  o.a.m.s.f.DefaultMavenResourcesFiltering - skip non existing resourceDirectory C:\Users\asy91\OneDrive\πŸ≈¡ »≠∏È\portfolio01_shoppingMall\03_SpringWorkspace\smilemall\src\test\resources
2024-06-18 17:33:26,276 [Worker-93: Building] INFO  o.a.m.s.f.DefaultMavenResourcesFiltering - Copying 0 resource from src\main\resources to target\classes
2024-06-18 17:33:26,278 [Worker-93: Building] INFO  o.a.m.s.f.DefaultMavenResourcesFiltering - Copying 1 resource from src\main\resources to target\classes
2024-06-18 17:33:26,282 [Worker-93: Building] INFO  o.a.m.s.f.DefaultMavenResourcesFiltering - skip non existing resourceDirectory C:\Users\asy91\OneDrive\πŸ≈¡ »≠∏È\portfolio01_shoppingMall\03_SpringWorkspace\smilemall\src\test\resources
2024-06-18 17:33:31,707 [Worker-97: Building] INFO  o.a.m.s.f.DefaultMavenResourcesFiltering - Copying 0 resource from src\main\resources to target\classes
2024-06-18 17:33:31,710 [Worker-97: Building] INFO  o.a.m.s.f.DefaultMavenResourcesFiltering - Copying 1 resource from src\main\resources to target\classes
2024-06-18 17:33:31,713 [Worker-97: Building] INFO  o.a.m.s.f.DefaultMavenResourcesFiltering - skip non existing resourceDirectory C:\Users\asy91\OneDrive\πŸ≈¡ »≠∏È\portfolio01_shoppingMall\03_SpringWorkspace\smilemall\src\test\resources
2024-06-18 17:33:32,919 [Worker-96: Building] INFO  o.a.m.s.f.DefaultMavenResourcesFiltering - Copying 0 resource from src\main\resources to target\classes
2024-06-18 17:33:32,922 [Worker-96: Building] INFO  o.a.m.s.f.DefaultMavenResourcesFiltering - Copying 1 resource from src\main\resources to target\classes
2024-06-18 17:33:32,926 [Worker-96: Building] INFO  o.a.m.s.f.DefaultMavenResourcesFiltering - skip non existing resourceDirectory C:\Users\asy91\OneDrive\πŸ≈¡ »≠∏È\portfolio01_shoppingMall\03_SpringWorkspace\smilemall\src\test\resources
2024-06-18 17:35:16,878 [Worker-100: Building] INFO  o.a.m.s.f.DefaultMavenResourcesFiltering - Copying 0 resource from src\main\resources to target\classes
2024-06-18 17:35:16,882 [Worker-100: Building] INFO  o.a.m.s.f.DefaultMavenResourcesFiltering - Copying 1 resource from src\main\resources to target\classes
2024-06-18 17:35:16,912 [Worker-100: Building] INFO  o.a.m.s.f.DefaultMavenResourcesFiltering - skip non existing resourceDirectory C:\Users\asy91\OneDrive\πŸ≈¡ »≠∏È\portfolio01_shoppingMall\03_SpringWorkspace\smilemall\src\test\resources
2024-06-18 17:35:32,365 [Worker-99: Building] INFO  o.a.m.s.f.DefaultMavenResourcesFiltering - Copying 0 resource from src\main\resources to target\classes
2024-06-18 17:35:32,368 [Worker-99: Building] INFO  o.a.m.s.f.DefaultMavenResourcesFiltering - Copying 1 resource from src\main\resources to target\classes
2024-06-18 17:35:32,373 [Worker-99: Building] INFO  o.a.m.s.f.DefaultMavenResourcesFiltering - skip non existing resourceDirectory C:\Users\asy91\OneDrive\πŸ≈¡ »≠∏È\portfolio01_shoppingMall\03_SpringWorkspace\smilemall\src\test\resources
2024-06-18 17:36:02,870 [Worker-100: Building] INFO  o.a.m.s.f.DefaultMavenResourcesFiltering - Copying 1 resource from src\main\resources to target\classes
2024-06-18 17:36:02,879 [Worker-100: Building] INFO  o.a.m.s.f.DefaultMavenResourcesFiltering - Copying 12 resources from src\main\resources to target\classes
2024-06-18 17:36:02,887 [Worker-100: Building] INFO  o.a.m.s.f.DefaultMavenResourcesFiltering - skip non existing resourceDirectory C:\Users\asy91\OneDrive\πŸ≈¡ »≠∏È\portfolio01_shoppingMall\03_SpringWorkspace\smilemall\src\test\resources
2024-06-18 17:36:34,620 [Worker-101: Building] INFO  o.a.m.s.f.DefaultMavenResourcesFiltering - Copying 0 resource from src\main\resources to target\classes
2024-06-18 17:36:34,624 [Worker-101: Building] INFO  o.a.m.s.f.DefaultMavenResourcesFiltering - Copying 1 resource from src\main\resources to target\classes
2024-06-18 17:36:34,642 [Worker-101: Building] INFO  o.a.m.s.f.DefaultMavenResourcesFiltering - skip non existing resourceDirectory C:\Users\asy91\OneDrive\πŸ≈¡ »≠∏È\portfolio01_shoppingMall\03_SpringWorkspace\smilemall\src\test\resources
2024-06-18 17:36:41,635 [Worker-97: Building] INFO  o.a.m.s.f.DefaultMavenResourcesFiltering - Copying 1 resource from src\main\resources to target\classes
2024-06-18 17:36:41,642 [Worker-97: Building] INFO  o.a.m.s.f.DefaultMavenResourcesFiltering - Copying 13 resources from src\main\resources to target\classes
2024-06-18 17:36:41,648 [Worker-97: Building] INFO  o.a.m.s.f.DefaultMavenResourcesFiltering - skip non existing resourceDirectory C:\Users\asy91\OneDrive\πŸ≈¡ »≠∏È\portfolio01_shoppingMall\03_SpringWorkspace\smilemall\src\test\resources
2024-06-18 17:36:52,760 [Worker-100: Building] INFO  o.a.m.s.f.DefaultMavenResourcesFiltering - Copying 0 resource from src\main\resources to target\classes
2024-06-18 17:36:52,763 [Worker-100: Building] INFO  o.a.m.s.f.DefaultMavenResourcesFiltering - Copying 1 resource from src\main\resources to target\classes
2024-06-18 17:36:52,766 [Worker-100: Building] INFO  o.a.m.s.f.DefaultMavenResourcesFiltering - skip non existing resourceDirectory C:\Users\asy91\OneDrive\πŸ≈¡ »≠∏È\portfolio01_shoppingMall\03_SpringWorkspace\smilemall\src\test\resources
2024-06-18 17:38:39,505 [Worker-101: Building] INFO  o.a.m.s.f.DefaultMavenResourcesFiltering - Copying 0 resource from src\main\resources to target\classes
2024-06-18 17:38:39,508 [Worker-101: Building] INFO  o.a.m.s.f.DefaultMavenResourcesFiltering - Copying 0 resource from src\main\resources to target\classes
2024-06-18 17:38:39,510 [Worker-101: Building] INFO  o.a.m.s.f.DefaultMavenResourcesFiltering - skip non existing resourceDirectory C:\Users\asy91\OneDrive\πŸ≈¡ »≠∏È\portfolio01_shoppingMall\03_SpringWorkspace\smilemall\src\test\resources
2024-06-18 17:45:39,721 [Worker-105: Building] INFO  o.a.m.s.f.DefaultMavenResourcesFiltering - Copying 1 resource from src\main\resources to target\classes
2024-06-18 17:45:39,729 [Worker-105: Building] INFO  o.a.m.s.f.DefaultMavenResourcesFiltering - Copying 12 resources from src\main\resources to target\classes
2024-06-18 17:45:39,734 [Worker-105: Building] INFO  o.a.m.s.f.DefaultMavenResourcesFiltering - skip non existing resourceDirectory C:\Users\asy91\OneDrive\πŸ≈¡ »≠∏È\portfolio01_shoppingMall\03_SpringWorkspace\smilemall\src\test\resources
2024-06-18 17:47:42,369 [Worker-107: Building] INFO  o.a.m.s.f.DefaultMavenResourcesFiltering - Copying 0 resource from src\main\resources to target\classes
2024-06-18 17:47:42,372 [Worker-107: Building] INFO  o.a.m.s.f.DefaultMavenResourcesFiltering - Copying 0 resource from src\main\resources to target\classes
2024-06-18 17:47:42,374 [Worker-107: Building] INFO  o.a.m.s.f.DefaultMavenResourcesFiltering - skip non existing resourceDirectory C:\Users\asy91\OneDrive\πŸ≈¡ »≠∏È\portfolio01_shoppingMall\03_SpringWorkspace\smilemall\src\test\resources
2024-06-18 17:50:57,656 [Worker-108: Building] INFO  o.a.m.s.f.DefaultMavenResourcesFiltering - Copying 0 resource from src\main\resources to target\classes
2024-06-18 17:50:57,658 [Worker-108: Building] INFO  o.a.m.s.f.DefaultMavenResourcesFiltering - Copying 1 resource from src\main\resources to target\classes
2024-06-18 17:50:57,663 [Worker-108: Building] INFO  o.a.m.s.f.DefaultMavenResourcesFiltering - skip non existing resourceDirectory C:\Users\asy91\OneDrive\πŸ≈¡ »≠∏È\portfolio01_shoppingMall\03_SpringWorkspace\smilemall\src\test\resources
2024-06-18 17:51:23,203 [Worker-108: Building] INFO  o.a.m.s.f.DefaultMavenResourcesFiltering - Copying 0 resource from src\main\resources to target\classes
2024-06-18 17:51:23,206 [Worker-108: Building] INFO  o.a.m.s.f.DefaultMavenResourcesFiltering - Copying 0 resource from src\main\resources to target\classes
2024-06-18 17:51:23,208 [Worker-108: Building] INFO  o.a.m.s.f.DefaultMavenResourcesFiltering - skip non existing resourceDirectory C:\Users\asy91\OneDrive\πŸ≈¡ »≠∏È\portfolio01_shoppingMall\03_SpringWorkspace\smilemall\src\test\resources
2024-06-18 17:51:25,258 [Worker-111: Building] INFO  o.a.m.s.f.DefaultMavenResourcesFiltering - Copying 0 resource from src\main\resources to target\classes
2024-06-18 17:51:25,261 [Worker-111: Building] INFO  o.a.m.s.f.DefaultMavenResourcesFiltering - Copying 1 resource from src\main\resources to target\classes
2024-06-18 17:51:25,276 [Worker-111: Building] INFO  o.a.m.s.f.DefaultMavenResourcesFiltering - skip non existing resourceDirectory C:\Users\asy91\OneDrive\πŸ≈¡ »≠∏È\portfolio01_shoppingMall\03_SpringWorkspace\smilemall\src\test\resources
2024-06-18 17:51:33,309 [Worker-111: Building] INFO  o.a.m.s.f.DefaultMavenResourcesFiltering - Copying 0 resource from src\main\resources to target\classes
2024-06-18 17:51:33,312 [Worker-111: Building] INFO  o.a.m.s.f.DefaultMavenResourcesFiltering - Copying 0 resource from src\main\resources to target\classes
2024-06-18 17:51:33,313 [Worker-111: Building] INFO  o.a.m.s.f.DefaultMavenResourcesFiltering - skip non existing resourceDirectory C:\Users\asy91\OneDrive\πŸ≈¡ »≠∏È\portfolio01_shoppingMall\03_SpringWorkspace\smilemall\src\test\resources
2024-06-18 18:01:35,407 [Worker-109: Building] INFO  o.a.m.s.f.DefaultMavenResourcesFiltering - Copying 0 resource from src\main\resources to target\classes
2024-06-18 18:01:35,411 [Worker-109: Building] INFO  o.a.m.s.f.DefaultMavenResourcesFiltering - Copying 1 resource from src\main\resources to target\classes
2024-06-18 18:01:35,414 [Worker-109: Building] INFO  o.a.m.s.f.DefaultMavenResourcesFiltering - skip non existing resourceDirectory C:\Users\asy91\OneDrive\πŸ≈¡ »≠∏È\portfolio01_shoppingMall\03_SpringWorkspace\smilemall\src\test\resources
2024-06-18 18:08:35,400 [Worker-112: Building] INFO  o.a.m.s.f.DefaultMavenResourcesFiltering - Copying 0 resource from src\main\resources to target\classes
2024-06-18 18:08:35,403 [Worker-112: Building] INFO  o.a.m.s.f.DefaultMavenResourcesFiltering - Copying 0 resource from src\main\resources to target\classes
2024-06-18 18:08:35,405 [Worker-112: Building] INFO  o.a.m.s.f.DefaultMavenResourcesFiltering - skip non existing resourceDirectory C:\Users\asy91\OneDrive\πŸ≈¡ »≠∏È\portfolio01_shoppingMall\03_SpringWorkspace\smilemall\src\test\resources
2024-06-19 00:37:47,301 [Worker-7: Loading available Gradle versions] INFO  o.e.b.c.i.u.g.PublishedGradleVersions - Gradle version information cache is out-of-date. Trying to update.
